[16:14:46.735] [INFO   ] thread main starting.
[16:14:46.742] [SEVERE ] cannot read configuration file config.properties trying from resources.
[16:14:46.746] [SEVERE ] configuration file was loaded from resources directory.
[16:14:47.541] [INFO   ] thread dealer starting.
[16:14:47.542] [INFO   ] Thread dealer starting.
[16:14:47.544] [INFO   ] Thread player 0 starting.
[16:14:47.545] [INFO   ] Thread player 1 starting.
[16:14:47.653] [SEVERE ] placing card 70 in slot 0
[16:14:47.754] [SEVERE ] placing card 37 in slot 1
[16:14:47.855] [SEVERE ] placing card 20 in slot 2
[16:14:47.956] [SEVERE ] placing card 72 in slot 3
[16:14:48.058] [SEVERE ] placing card 43 in slot 4
[16:14:48.159] [SEVERE ] placing card 55 in slot 5
[16:14:48.260] [SEVERE ] placing card 12 in slot 6
[16:14:48.361] [SEVERE ] placing card 13 in slot 7
[16:14:48.462] [SEVERE ] placing card 44 in slot 8
[16:14:48.562] [SEVERE ] placing card 48 in slot 9
[16:14:48.663] [SEVERE ] placing card 6 in slot 10
[16:14:48.764] [SEVERE ] placing card 47 in slot 11
[16:14:48.785] [SEVERE ] updating countdown to 20000
[16:14:48.807] [SEVERE ] updating countdown to 19978
[16:14:48.828] [SEVERE ] updating countdown to 19957
[16:14:48.849] [SEVERE ] updating countdown to 19936
[16:14:48.869] [SEVERE ] updating countdown to 19916
[16:14:48.890] [SEVERE ] updating countdown to 19895
[16:14:48.911] [SEVERE ] updating countdown to 19874
[16:14:48.932] [SEVERE ] updating countdown to 19853
[16:14:48.953] [SEVERE ] updating countdown to 19832
[16:14:48.973] [SEVERE ] updating countdown to 19812
[16:14:48.994] [SEVERE ] updating countdown to 19791
[16:14:49.015] [SEVERE ] updating countdown to 19770
[16:14:49.036] [SEVERE ] updating countdown to 19749
[16:14:49.057] [SEVERE ] updating countdown to 19728
[16:14:49.077] [SEVERE ] updating countdown to 19708
[16:14:49.098] [SEVERE ] updating countdown to 19687
[16:14:49.118] [SEVERE ] updating countdown to 19667
[16:14:49.139] [SEVERE ] updating countdown to 19646
[16:14:49.161] [SEVERE ] updating countdown to 19624
[16:14:49.182] [SEVERE ] updating countdown to 19603
[16:14:49.203] [SEVERE ] updating countdown to 19582
[16:14:49.223] [SEVERE ] updating countdown to 19562
[16:14:49.244] [SEVERE ] updating countdown to 19541
[16:14:49.264] [SEVERE ] updating countdown to 19521
[16:14:49.285] [SEVERE ] updating countdown to 19500
[16:14:49.306] [SEVERE ] updating countdown to 19479
[16:14:49.326] [SEVERE ] updating countdown to 19459
[16:14:49.347] [SEVERE ] updating countdown to 19438
[16:14:49.368] [SEVERE ] updating countdown to 19417
[16:14:49.388] [SEVERE ] updating countdown to 19397
[16:14:49.409] [SEVERE ] updating countdown to 19376
[16:14:49.430] [SEVERE ] updating countdown to 19355
[16:14:49.450] [SEVERE ] updating countdown to 19335
[16:14:49.471] [SEVERE ] updating countdown to 19314
[16:14:49.492] [SEVERE ] updating countdown to 19293
[16:14:49.513] [SEVERE ] updating countdown to 19272
[16:14:49.534] [SEVERE ] updating countdown to 19251
[16:14:49.554] [SEVERE ] updating countdown to 19231
[16:14:49.575] [SEVERE ] updating countdown to 19210
[16:14:49.596] [SEVERE ] updating countdown to 19189
[16:14:49.616] [SEVERE ] updating countdown to 19169
[16:14:49.637] [SEVERE ] updating countdown to 19148
[16:14:49.658] [SEVERE ] updating countdown to 19127
[16:14:49.678] [SEVERE ] updating countdown to 19107
[16:14:49.699] [SEVERE ] updating countdown to 19086
[16:14:49.720] [SEVERE ] updating countdown to 19065
[16:14:49.740] [SEVERE ] updating countdown to 19045
[16:14:49.761] [SEVERE ] updating countdown to 19024
[16:14:49.782] [SEVERE ] updating countdown to 19003
[16:14:49.802] [SEVERE ] updating countdown to 18983
[16:14:49.823] [SEVERE ] updating countdown to 18962
[16:14:49.844] [SEVERE ] updating countdown to 18941
[16:14:49.864] [SEVERE ] updating countdown to 18921
[16:14:49.885] [SEVERE ] updating countdown to 18900
[16:14:49.905] [SEVERE ] updating countdown to 18880
[16:14:49.926] [SEVERE ] updating countdown to 18859
[16:14:49.947] [SEVERE ] updating countdown to 18839
[16:14:49.967] [SEVERE ] updating countdown to 18818
[16:14:49.988] [SEVERE ] updating countdown to 18797
[16:14:50.009] [SEVERE ] updating countdown to 18777
[16:14:50.029] [SEVERE ] updating countdown to 18756
[16:14:50.050] [SEVERE ] updating countdown to 18735
[16:14:50.070] [SEVERE ] updating countdown to 18715
[16:14:50.091] [SEVERE ] updating countdown to 18694
[16:14:50.112] [SEVERE ] updating countdown to 18673
[16:14:50.132] [SEVERE ] updating countdown to 18653
[16:14:50.153] [SEVERE ] updating countdown to 18632
[16:14:50.174] [SEVERE ] updating countdown to 18611
[16:14:50.194] [SEVERE ] updating countdown to 18591
[16:14:50.215] [SEVERE ] updating countdown to 18570
[16:14:50.236] [SEVERE ] updating countdown to 18549
[16:14:50.257] [SEVERE ] updating countdown to 18528
[16:14:50.277] [SEVERE ] updating countdown to 18508
[16:14:50.298] [SEVERE ] updating countdown to 18487
[16:14:50.318] [SEVERE ] updating countdown to 18467
[16:14:50.339] [SEVERE ] updating countdown to 18446
[16:14:50.360] [SEVERE ] updating countdown to 18426
[16:14:50.380] [SEVERE ] updating countdown to 18405
[16:14:50.401] [SEVERE ] updating countdown to 18384
[16:14:50.421] [SEVERE ] updating countdown to 18364
[16:14:50.442] [SEVERE ] updating countdown to 18343
[16:14:50.462] [SEVERE ] updating countdown to 18323
[16:14:50.483] [SEVERE ] updating countdown to 18302
[16:14:50.504] [SEVERE ] updating countdown to 18281
[16:14:50.524] [SEVERE ] updating countdown to 18261
[16:14:50.545] [SEVERE ] updating countdown to 18240
[16:14:50.565] [SEVERE ] updating countdown to 18220
[16:14:50.586] [SEVERE ] updating countdown to 18199
[16:14:50.606] [SEVERE ] updating countdown to 18179
[16:14:50.627] [SEVERE ] updating countdown to 18158
[16:14:50.648] [SEVERE ] updating countdown to 18137
[16:14:50.668] [SEVERE ] updating countdown to 18117
[16:14:50.689] [SEVERE ] updating countdown to 18096
[16:14:50.710] [SEVERE ] updating countdown to 18075
[16:14:50.730] [SEVERE ] updating countdown to 18055
[16:14:50.751] [SEVERE ] updating countdown to 18034
[16:14:50.771] [SEVERE ] updating countdown to 18014
[16:14:50.792] [SEVERE ] updating countdown to 17993
[16:14:50.813] [SEVERE ] updating countdown to 17972
[16:14:50.833] [SEVERE ] updating countdown to 17952
[16:14:50.854] [SEVERE ] updating countdown to 17931
[16:14:50.875] [SEVERE ] updating countdown to 17910
[16:14:50.895] [SEVERE ] updating countdown to 17890
[16:14:50.916] [SEVERE ] updating countdown to 17869
[16:14:50.936] [SEVERE ] updating countdown to 17849
[16:14:50.957] [SEVERE ] updating countdown to 17828
[16:14:50.978] [SEVERE ] updating countdown to 17807
[16:14:50.998] [SEVERE ] updating countdown to 17787
[16:14:51.019] [SEVERE ] updating countdown to 17766
[16:14:51.040] [SEVERE ] updating countdown to 17745
[16:14:51.060] [SEVERE ] updating countdown to 17725
[16:14:51.081] [SEVERE ] updating countdown to 17704
[16:14:51.102] [SEVERE ] updating countdown to 17683
[16:14:51.122] [SEVERE ] updating countdown to 17663
[16:14:51.143] [SEVERE ] updating countdown to 17642
[16:14:51.163] [SEVERE ] updating countdown to 17622
[16:14:51.184] [SEVERE ] updating countdown to 17601
[16:14:51.205] [SEVERE ] updating countdown to 17580
[16:14:51.225] [SEVERE ] updating countdown to 17560
[16:14:51.246] [SEVERE ] updating countdown to 17539
[16:14:51.266] [SEVERE ] updating countdown to 17519
[16:14:51.273] [SEVERE ] key 47 was pressed by player 2
[16:14:51.273] [SEVERE ] player 2 placing token on slot 11
[16:14:51.287] [SEVERE ] updating countdown to 17498
[16:14:51.308] [SEVERE ] updating countdown to 17478
[16:14:51.328] [SEVERE ] updating countdown to 17457
[16:14:51.349] [SEVERE ] updating countdown to 17436
[16:14:51.369] [SEVERE ] updating countdown to 17416
[16:14:51.390] [SEVERE ] updating countdown to 17395
[16:14:51.410] [SEVERE ] updating countdown to 17375
[16:14:51.431] [SEVERE ] updating countdown to 17354
[16:14:51.452] [SEVERE ] updating countdown to 17333
[16:14:51.472] [SEVERE ] updating countdown to 17313
[16:14:51.493] [SEVERE ] updating countdown to 17292
[16:14:51.513] [SEVERE ] updating countdown to 17272
[16:14:51.534] [SEVERE ] updating countdown to 17251
[16:14:51.554] [SEVERE ] updating countdown to 17231
[16:14:51.575] [SEVERE ] updating countdown to 17210
[16:14:51.596] [SEVERE ] updating countdown to 17189
[16:14:51.616] [SEVERE ] updating countdown to 17169
[16:14:51.637] [SEVERE ] updating countdown to 17148
[16:14:51.658] [SEVERE ] updating countdown to 17127
[16:14:51.678] [SEVERE ] updating countdown to 17107
[16:14:51.699] [SEVERE ] updating countdown to 17086
[16:14:51.720] [SEVERE ] updating countdown to 17065
[16:14:51.740] [SEVERE ] updating countdown to 17045
[16:14:51.761] [SEVERE ] updating countdown to 17024
[16:14:51.782] [SEVERE ] updating countdown to 17003
[16:14:51.802] [SEVERE ] updating countdown to 16983
[16:14:51.823] [SEVERE ] updating countdown to 16962
[16:14:51.843] [SEVERE ] updating countdown to 16942
[16:14:51.864] [SEVERE ] updating countdown to 16921
[16:14:51.885] [SEVERE ] updating countdown to 16900
[16:14:51.905] [SEVERE ] updating countdown to 16880
[16:14:51.926] [SEVERE ] updating countdown to 16860
[16:14:51.946] [SEVERE ] updating countdown to 16839
[16:14:51.967] [SEVERE ] updating countdown to 16818
[16:14:51.987] [SEVERE ] updating countdown to 16798
[16:14:52.008] [SEVERE ] updating countdown to 16777
[16:14:52.029] [SEVERE ] updating countdown to 16756
[16:14:52.049] [SEVERE ] updating countdown to 16736
[16:14:52.070] [SEVERE ] updating countdown to 16715
[16:14:52.091] [SEVERE ] updating countdown to 16694
[16:14:52.111] [SEVERE ] updating countdown to 16674
[16:14:52.131] [SEVERE ] updating countdown to 16654
[16:14:52.152] [SEVERE ] updating countdown to 16633
[16:14:52.172] [SEVERE ] updating countdown to 16613
[16:14:52.193] [SEVERE ] updating countdown to 16592
[16:14:52.213] [SEVERE ] updating countdown to 16572
[16:14:52.234] [SEVERE ] updating countdown to 16551
[16:14:52.254] [SEVERE ] updating countdown to 16531
[16:14:52.275] [SEVERE ] updating countdown to 16510
[16:14:52.295] [SEVERE ] updating countdown to 16490
[16:14:52.316] [SEVERE ] updating countdown to 16469
[16:14:52.336] [SEVERE ] updating countdown to 16449
[16:14:52.357] [SEVERE ] updating countdown to 16428
[16:14:52.377] [SEVERE ] updating countdown to 16408
[16:14:52.398] [SEVERE ] updating countdown to 16387
[16:14:52.418] [SEVERE ] updating countdown to 16367
[16:14:52.439] [SEVERE ] updating countdown to 16346
[16:14:52.459] [SEVERE ] updating countdown to 16326
[16:14:52.480] [SEVERE ] updating countdown to 16305
[16:14:52.500] [SEVERE ] updating countdown to 16285
[16:14:52.521] [SEVERE ] updating countdown to 16264
[16:14:52.542] [SEVERE ] updating countdown to 16243
[16:14:52.562] [SEVERE ] updating countdown to 16223
[16:14:52.583] [SEVERE ] updating countdown to 16202
[16:14:52.604] [SEVERE ] updating countdown to 16181
[16:14:52.624] [SEVERE ] updating countdown to 16161
[16:14:52.645] [SEVERE ] updating countdown to 16140
[16:14:52.665] [SEVERE ] updating countdown to 16120
[16:14:52.686] [SEVERE ] updating countdown to 16099
[16:14:52.706] [SEVERE ] updating countdown to 16079
[16:14:52.727] [SEVERE ] updating countdown to 16058
[16:14:52.748] [SEVERE ] updating countdown to 16037
[16:14:52.768] [SEVERE ] updating countdown to 16017
[16:14:52.789] [SEVERE ] updating countdown to 15996
[16:14:52.809] [SEVERE ] updating countdown to 15976
[16:14:52.830] [SEVERE ] updating countdown to 15955
[16:14:52.850] [SEVERE ] updating countdown to 15935
[16:14:52.871] [SEVERE ] updating countdown to 15914
[16:14:52.892] [SEVERE ] updating countdown to 15894
[16:14:52.912] [SEVERE ] updating countdown to 15873
[16:14:52.932] [SEVERE ] updating countdown to 15853
[16:14:52.953] [SEVERE ] updating countdown to 15832
[16:14:52.974] [SEVERE ] updating countdown to 15812
[16:14:52.994] [SEVERE ] updating countdown to 15791
[16:14:53.015] [SEVERE ] updating countdown to 15770
[16:14:53.035] [SEVERE ] updating countdown to 15750
[16:14:53.056] [SEVERE ] updating countdown to 15729
[16:14:53.077] [SEVERE ] updating countdown to 15708
[16:14:53.097] [SEVERE ] updating countdown to 15688
[16:14:53.118] [SEVERE ] updating countdown to 15667
[16:14:53.138] [SEVERE ] updating countdown to 15647
[16:14:53.159] [SEVERE ] updating countdown to 15626
[16:14:53.179] [SEVERE ] updating countdown to 15606
[16:14:53.200] [SEVERE ] updating countdown to 15585
[16:14:53.220] [SEVERE ] updating countdown to 15565
[16:14:53.241] [SEVERE ] updating countdown to 15544
[16:14:53.262] [SEVERE ] updating countdown to 15523
[16:14:53.282] [SEVERE ] updating countdown to 15503
[16:14:53.302] [SEVERE ] updating countdown to 15483
[16:14:53.323] [SEVERE ] updating countdown to 15462
[16:14:53.343] [SEVERE ] updating countdown to 15442
[16:14:53.364] [SEVERE ] updating countdown to 15421
[16:14:53.384] [SEVERE ] updating countdown to 15401
[16:14:53.405] [SEVERE ] updating countdown to 15380
[16:14:53.425] [SEVERE ] updating countdown to 15360
[16:14:53.445] [SEVERE ] updating countdown to 15340
[16:14:53.466] [SEVERE ] updating countdown to 15319
[16:14:53.486] [SEVERE ] updating countdown to 15299
[16:14:53.507] [SEVERE ] updating countdown to 15278
[16:14:53.528] [SEVERE ] updating countdown to 15257
[16:14:53.549] [SEVERE ] updating countdown to 15237
[16:14:53.569] [SEVERE ] updating countdown to 15216
[16:14:53.590] [SEVERE ] updating countdown to 15195
[16:14:53.611] [SEVERE ] updating countdown to 15175
[16:14:53.631] [SEVERE ] updating countdown to 15154
[16:14:53.652] [SEVERE ] updating countdown to 15133
[16:14:53.672] [SEVERE ] updating countdown to 15113
[16:14:53.693] [SEVERE ] updating countdown to 15092
[16:14:53.714] [SEVERE ] updating countdown to 15072
[16:14:53.734] [SEVERE ] updating countdown to 15051
[16:14:53.755] [SEVERE ] updating countdown to 15030
[16:14:53.775] [SEVERE ] updating countdown to 15010
[16:14:53.796] [SEVERE ] updating countdown to 14989
[16:14:53.816] [SEVERE ] updating countdown to 14969
[16:14:53.837] [SEVERE ] updating countdown to 14948
[16:14:53.858] [SEVERE ] updating countdown to 14927
[16:14:53.878] [SEVERE ] updating countdown to 14907
[16:14:53.899] [SEVERE ] updating countdown to 14886
[16:14:53.919] [SEVERE ] updating countdown to 14866
[16:14:53.940] [SEVERE ] updating countdown to 14845
[16:14:53.960] [SEVERE ] updating countdown to 14825
[16:14:53.981] [SEVERE ] updating countdown to 14804
[16:14:54.001] [SEVERE ] updating countdown to 14784
[16:14:54.022] [SEVERE ] updating countdown to 14763
[16:14:54.042] [SEVERE ] updating countdown to 14743
[16:14:54.063] [SEVERE ] updating countdown to 14722
[16:14:54.083] [SEVERE ] updating countdown to 14702
[16:14:54.104] [SEVERE ] updating countdown to 14681
[16:14:54.124] [SEVERE ] updating countdown to 14661
[16:14:54.144] [SEVERE ] updating countdown to 14641
[16:14:54.165] [SEVERE ] updating countdown to 14620
[16:14:54.185] [SEVERE ] updating countdown to 14600
[16:14:54.206] [SEVERE ] updating countdown to 14579
[16:14:54.226] [SEVERE ] updating countdown to 14559
[16:14:54.247] [SEVERE ] updating countdown to 14538
[16:14:54.267] [SEVERE ] updating countdown to 14518
[16:14:54.287] [SEVERE ] updating countdown to 14498
[16:14:54.308] [SEVERE ] updating countdown to 14477
[16:14:54.328] [SEVERE ] updating countdown to 14457
[16:14:54.349] [SEVERE ] updating countdown to 14436
[16:14:54.369] [SEVERE ] updating countdown to 14416
[16:14:54.390] [SEVERE ] updating countdown to 14395
[16:14:54.410] [SEVERE ] updating countdown to 14375
[16:14:54.431] [SEVERE ] updating countdown to 14354
[16:14:54.451] [SEVERE ] updating countdown to 14334
[16:14:54.472] [SEVERE ] updating countdown to 14313
[16:14:54.492] [SEVERE ] updating countdown to 14293
[16:14:54.512] [SEVERE ] updating countdown to 14273
[16:14:54.533] [SEVERE ] updating countdown to 14252
[16:14:54.553] [SEVERE ] updating countdown to 14232
[16:14:54.574] [SEVERE ] updating countdown to 14211
[16:14:54.594] [SEVERE ] updating countdown to 14191
[16:14:54.615] [SEVERE ] updating countdown to 14170
[16:14:54.636] [SEVERE ] updating countdown to 14149
[16:14:54.656] [SEVERE ] updating countdown to 14129
[16:14:54.677] [SEVERE ] updating countdown to 14108
[16:14:54.697] [SEVERE ] updating countdown to 14088
[16:14:54.718] [SEVERE ] updating countdown to 14067
[16:14:54.738] [SEVERE ] updating countdown to 14047
[16:14:54.759] [SEVERE ] updating countdown to 14027
[16:14:54.779] [SEVERE ] updating countdown to 14006
[16:14:54.800] [SEVERE ] updating countdown to 13985
[16:14:54.820] [SEVERE ] updating countdown to 13965
[16:14:54.841] [SEVERE ] updating countdown to 13944
[16:14:54.861] [SEVERE ] updating countdown to 13924
[16:14:54.882] [SEVERE ] updating countdown to 13903
[16:14:54.902] [SEVERE ] updating countdown to 13883
[16:14:54.923] [SEVERE ] updating countdown to 13862
[16:14:54.943] [SEVERE ] updating countdown to 13842
[16:14:54.964] [SEVERE ] updating countdown to 13821
[16:14:54.984] [SEVERE ] updating countdown to 13801
[16:14:55.005] [SEVERE ] updating countdown to 13780
[16:14:55.026] [SEVERE ] updating countdown to 13759
[16:14:55.046] [SEVERE ] updating countdown to 13739
[16:14:55.067] [SEVERE ] updating countdown to 13718
[16:14:55.087] [SEVERE ] updating countdown to 13698
[16:14:55.107] [SEVERE ] updating countdown to 13678
[16:14:55.128] [SEVERE ] updating countdown to 13657
[16:14:55.149] [SEVERE ] updating countdown to 13637
[16:14:55.169] [SEVERE ] updating countdown to 13616
[16:14:55.190] [SEVERE ] updating countdown to 13595
[16:14:55.210] [SEVERE ] updating countdown to 13575
[16:14:55.230] [SEVERE ] updating countdown to 13555
[16:14:55.251] [SEVERE ] updating countdown to 13534
[16:14:55.271] [SEVERE ] updating countdown to 13514
[16:14:55.292] [SEVERE ] updating countdown to 13493
[16:14:55.312] [SEVERE ] updating countdown to 13473
[16:14:55.332] [SEVERE ] updating countdown to 13453
[16:14:55.353] [SEVERE ] updating countdown to 13432
[16:14:55.373] [SEVERE ] updating countdown to 13412
[16:14:55.393] [SEVERE ] updating countdown to 13392
[16:14:55.413] [SEVERE ] updating countdown to 13372
[16:14:55.434] [SEVERE ] updating countdown to 13351
[16:14:55.454] [SEVERE ] updating countdown to 13331
[16:14:55.475] [SEVERE ] updating countdown to 13310
[16:14:55.495] [SEVERE ] updating countdown to 13290
[16:14:55.516] [SEVERE ] updating countdown to 13269
[16:14:55.536] [SEVERE ] updating countdown to 13249
[16:14:55.557] [SEVERE ] updating countdown to 13228
[16:14:55.578] [SEVERE ] updating countdown to 13207
[16:14:55.598] [SEVERE ] updating countdown to 13187
[16:14:55.619] [SEVERE ] updating countdown to 13166
[16:14:55.639] [SEVERE ] updating countdown to 13146
[16:14:55.660] [SEVERE ] updating countdown to 13125
[16:14:55.680] [SEVERE ] updating countdown to 13105
[16:14:55.701] [SEVERE ] updating countdown to 13084
[16:14:55.722] [SEVERE ] updating countdown to 13063
[16:14:55.742] [SEVERE ] updating countdown to 13043
[16:14:55.763] [SEVERE ] updating countdown to 13022
[16:14:55.783] [SEVERE ] updating countdown to 13002
[16:14:55.804] [SEVERE ] updating countdown to 12981
[16:14:55.824] [SEVERE ] updating countdown to 12961
[16:14:55.845] [SEVERE ] updating countdown to 12940
[16:14:55.865] [SEVERE ] updating countdown to 12920
[16:14:55.886] [SEVERE ] updating countdown to 12899
[16:14:55.906] [SEVERE ] updating countdown to 12879
[16:14:55.927] [SEVERE ] updating countdown to 12858
[16:14:55.947] [SEVERE ] updating countdown to 12838
[16:14:55.968] [SEVERE ] updating countdown to 12817
[16:14:55.988] [SEVERE ] updating countdown to 12797
[16:14:56.009] [SEVERE ] updating countdown to 12776
[16:14:56.029] [SEVERE ] updating countdown to 12756
[16:14:56.050] [SEVERE ] updating countdown to 12735
[16:14:56.070] [SEVERE ] updating countdown to 12715
[16:14:56.091] [SEVERE ] updating countdown to 12694
[16:14:56.111] [SEVERE ] updating countdown to 12674
[16:14:56.132] [SEVERE ] updating countdown to 12653
[16:14:56.153] [SEVERE ] updating countdown to 12633
[16:14:56.173] [SEVERE ] updating countdown to 12612
[16:14:56.194] [SEVERE ] updating countdown to 12591
[16:14:56.214] [SEVERE ] updating countdown to 12571
[16:14:56.235] [SEVERE ] updating countdown to 12550
[16:14:56.256] [SEVERE ] updating countdown to 12529
[16:14:56.276] [SEVERE ] updating countdown to 12509
[16:14:56.297] [SEVERE ] updating countdown to 12488
[16:14:56.317] [SEVERE ] updating countdown to 12468
[16:14:56.338] [SEVERE ] updating countdown to 12447
[16:14:56.358] [SEVERE ] updating countdown to 12427
[16:14:56.379] [SEVERE ] updating countdown to 12406
[16:14:56.399] [SEVERE ] updating countdown to 12386
[16:14:56.420] [SEVERE ] updating countdown to 12365
[16:14:56.440] [SEVERE ] updating countdown to 12345
[16:14:56.461] [SEVERE ] updating countdown to 12324
[16:14:56.481] [SEVERE ] updating countdown to 12304
[16:14:56.502] [SEVERE ] updating countdown to 12283
[16:14:56.522] [SEVERE ] updating countdown to 12263
[16:14:56.543] [SEVERE ] updating countdown to 12242
[16:14:56.563] [SEVERE ] updating countdown to 12222
[16:14:56.584] [SEVERE ] updating countdown to 12201
[16:14:56.604] [SEVERE ] updating countdown to 12181
[16:14:56.625] [SEVERE ] updating countdown to 12160
[16:14:56.645] [SEVERE ] updating countdown to 12140
[16:14:56.666] [SEVERE ] updating countdown to 12119
[16:14:56.686] [SEVERE ] updating countdown to 12099
[16:14:56.707] [SEVERE ] updating countdown to 12078
[16:14:56.727] [SEVERE ] updating countdown to 12058
[16:14:56.748] [SEVERE ] updating countdown to 12037
[16:14:56.768] [SEVERE ] updating countdown to 12017
[16:14:56.789] [SEVERE ] updating countdown to 11996
[16:14:56.809] [SEVERE ] updating countdown to 11976
[16:14:56.830] [SEVERE ] updating countdown to 11955
[16:14:56.850] [SEVERE ] updating countdown to 11935
[16:14:56.871] [SEVERE ] updating countdown to 11914
[16:14:56.891] [SEVERE ] updating countdown to 11894
[16:14:56.912] [SEVERE ] updating countdown to 11873
[16:14:56.932] [SEVERE ] updating countdown to 11853
[16:14:56.953] [SEVERE ] updating countdown to 11832
[16:14:56.973] [SEVERE ] updating countdown to 11812
[16:14:56.994] [SEVERE ] updating countdown to 11791
[16:14:57.014] [SEVERE ] updating countdown to 11771
[16:14:57.035] [SEVERE ] updating countdown to 11750
[16:14:57.056] [SEVERE ] updating countdown to 11729
[16:14:57.076] [SEVERE ] updating countdown to 11709
[16:14:57.096] [SEVERE ] updating countdown to 11689
[16:14:57.117] [SEVERE ] updating countdown to 11668
[16:14:57.138] [SEVERE ] updating countdown to 11647
[16:14:57.158] [SEVERE ] updating countdown to 11627
[16:14:57.179] [SEVERE ] updating countdown to 11606
[16:14:57.199] [SEVERE ] updating countdown to 11586
[16:14:57.220] [SEVERE ] updating countdown to 11565
[16:14:57.240] [SEVERE ] updating countdown to 11545
[16:14:57.261] [SEVERE ] updating countdown to 11524
[16:14:57.281] [SEVERE ] exit button pressed
[16:14:57.282] [SEVERE ] updating countdown to 11503
[16:14:57.282] [SEVERE ] updating countdown to 20000
[16:14:57.382] [SEVERE ] removing card from slot 0
[16:14:57.483] [SEVERE ] removing card from slot 1
[16:14:57.584] [SEVERE ] removing card from slot 2
[16:14:57.685] [SEVERE ] removing card from slot 3
[16:14:57.785] [SEVERE ] removing card from slot 4
[16:14:57.885] [SEVERE ] removing card from slot 5
[16:14:57.986] [SEVERE ] removing card from slot 6
[16:14:58.087] [SEVERE ] removing card from slot 7
[16:14:58.187] [SEVERE ] removing card from slot 8
[16:14:58.287] [SEVERE ] removing card from slot 9
[16:14:58.388] [SEVERE ] removing card from slot 10
[16:14:58.389] [SEVERE ] removing player 2 token from slot 11
[16:14:58.489] [SEVERE ] removing card from slot 11
[16:14:58.490] [SEVERE ] announcing winner(s): player 2, player 1
[16:14:58.492] [INFO   ] Thread player 1 terminated.
[16:14:58.493] [INFO   ] Thread player 0 terminated.
[16:14:58.493] [INFO   ] Thread dealer terminated.
[16:14:58.493] [INFO   ] thread dealer terminated.
[16:14:58.493] [SEVERE ] thanks for playing... it was fun!
[16:14:58.494] [INFO   ] thread main terminated.
