[16:18:35.819] [INFO   ] thread main starting.
[16:18:35.827] [SEVERE ] cannot read configuration file config.properties trying from resources.
[16:18:35.829] [SEVERE ] configuration file was loaded from resources directory.
[16:18:36.527] [INFO   ] thread dealer starting.
[16:18:36.528] [INFO   ] Thread dealer starting.
[16:18:36.531] [INFO   ] Thread player 0 starting.
[16:18:36.532] [INFO   ] Thread player 1 starting.
[16:18:36.641] [SEVERE ] placing card 51 in slot 0
[16:18:36.742] [SEVERE ] placing card 19 in slot 1
[16:18:36.842] [SEVERE ] placing card 30 in slot 2
[16:18:36.943] [SEVERE ] placing card 36 in slot 3
[16:18:37.044] [SEVERE ] placing card 24 in slot 4
[16:18:37.145] [SEVERE ] placing card 28 in slot 5
[16:18:37.247] [SEVERE ] placing card 71 in slot 6
[16:18:37.348] [SEVERE ] placing card 9 in slot 7
[16:18:37.450] [SEVERE ] placing card 41 in slot 8
[16:18:37.551] [SEVERE ] placing card 12 in slot 9
[16:18:37.652] [SEVERE ] placing card 40 in slot 10
[16:18:37.753] [SEVERE ] placing card 39 in slot 11
[16:18:37.775] [SEVERE ] updating countdown to 20000
[16:18:37.797] [SEVERE ] updating countdown to 19978
[16:18:37.818] [SEVERE ] updating countdown to 19957
[16:18:37.839] [SEVERE ] updating countdown to 19936
[16:18:37.860] [SEVERE ] updating countdown to 19915
[16:18:37.881] [SEVERE ] updating countdown to 19894
[16:18:37.902] [SEVERE ] updating countdown to 19873
[16:18:37.923] [SEVERE ] updating countdown to 19852
[16:18:37.944] [SEVERE ] updating countdown to 19831
[16:18:37.965] [SEVERE ] updating countdown to 19810
[16:18:37.986] [SEVERE ] updating countdown to 19789
[16:18:38.007] [SEVERE ] updating countdown to 19768
[16:18:38.028] [SEVERE ] updating countdown to 19747
[16:18:38.049] [SEVERE ] updating countdown to 19726
[16:18:38.069] [SEVERE ] updating countdown to 19706
[16:18:38.090] [SEVERE ] updating countdown to 19685
[16:18:38.111] [SEVERE ] updating countdown to 19664
[16:18:38.132] [SEVERE ] updating countdown to 19643
[16:18:38.153] [SEVERE ] updating countdown to 19622
[16:18:38.173] [SEVERE ] updating countdown to 19602
[16:18:38.194] [SEVERE ] updating countdown to 19581
[16:18:38.218] [SEVERE ] updating countdown to 19557
[16:18:38.239] [SEVERE ] updating countdown to 19536
[16:18:38.259] [SEVERE ] updating countdown to 19516
[16:18:38.280] [SEVERE ] updating countdown to 19495
[16:18:38.301] [SEVERE ] updating countdown to 19474
[16:18:38.322] [SEVERE ] updating countdown to 19453
[16:18:38.342] [SEVERE ] updating countdown to 19433
[16:18:38.346] [SEVERE ] key 81 was pressed by player 1
[16:18:38.346] [SEVERE ] player 1 placing token on slot 0
[16:18:38.363] [SEVERE ] updating countdown to 19412
[16:18:38.384] [SEVERE ] updating countdown to 19391
[16:18:38.405] [SEVERE ] updating countdown to 19370
[16:18:38.426] [SEVERE ] updating countdown to 19349
[16:18:38.447] [SEVERE ] updating countdown to 19328
[16:18:38.468] [SEVERE ] updating countdown to 19307
[16:18:38.489] [SEVERE ] updating countdown to 19286
[16:18:38.510] [SEVERE ] updating countdown to 19265
[16:18:38.531] [SEVERE ] updating countdown to 19244
[16:18:38.552] [SEVERE ] updating countdown to 19223
[16:18:38.572] [SEVERE ] updating countdown to 19203
[16:18:38.593] [SEVERE ] updating countdown to 19182
[16:18:38.613] [SEVERE ] updating countdown to 19162
[16:18:38.634] [SEVERE ] updating countdown to 19141
[16:18:38.655] [SEVERE ] updating countdown to 19120
[16:18:38.676] [SEVERE ] updating countdown to 19099
[16:18:38.696] [SEVERE ] updating countdown to 19079
[16:18:38.717] [SEVERE ] updating countdown to 19058
[16:18:38.738] [SEVERE ] updating countdown to 19037
[16:18:38.758] [SEVERE ] updating countdown to 19017
[16:18:38.779] [SEVERE ] updating countdown to 18996
[16:18:38.800] [SEVERE ] updating countdown to 18975
[16:18:38.821] [SEVERE ] updating countdown to 18954
[16:18:38.842] [SEVERE ] updating countdown to 18933
[16:18:38.862] [SEVERE ] updating countdown to 18913
[16:18:38.883] [SEVERE ] updating countdown to 18892
[16:18:38.904] [SEVERE ] updating countdown to 18871
[16:18:38.925] [SEVERE ] updating countdown to 18850
[16:18:38.945] [SEVERE ] updating countdown to 18830
[16:18:38.966] [SEVERE ] updating countdown to 18809
[16:18:38.987] [SEVERE ] updating countdown to 18788
[16:18:39.008] [SEVERE ] updating countdown to 18767
[16:18:39.029] [SEVERE ] updating countdown to 18747
[16:18:39.049] [SEVERE ] updating countdown to 18726
[16:18:39.070] [SEVERE ] updating countdown to 18705
[16:18:39.090] [SEVERE ] updating countdown to 18685
[16:18:39.111] [SEVERE ] updating countdown to 18664
[16:18:39.132] [SEVERE ] updating countdown to 18643
[16:18:39.152] [SEVERE ] updating countdown to 18623
[16:18:39.173] [SEVERE ] updating countdown to 18602
[16:18:39.193] [SEVERE ] updating countdown to 18582
[16:18:39.203] [SEVERE ] key 87 was pressed by player 1
[16:18:39.204] [SEVERE ] player 1 placing token on slot 1
[16:18:39.214] [SEVERE ] updating countdown to 18561
[16:18:39.235] [SEVERE ] updating countdown to 18540
[16:18:39.256] [SEVERE ] updating countdown to 18519
[16:18:39.277] [SEVERE ] updating countdown to 18498
[16:18:39.298] [SEVERE ] updating countdown to 18477
[16:18:39.319] [SEVERE ] updating countdown to 18456
[16:18:39.339] [SEVERE ] updating countdown to 18436
[16:18:39.360] [SEVERE ] updating countdown to 18415
[16:18:39.381] [SEVERE ] updating countdown to 18394
[16:18:39.401] [SEVERE ] updating countdown to 18374
[16:18:39.422] [SEVERE ] updating countdown to 18353
[16:18:39.443] [SEVERE ] updating countdown to 18332
[16:18:39.464] [SEVERE ] updating countdown to 18311
[16:18:39.484] [SEVERE ] updating countdown to 18291
[16:18:39.505] [SEVERE ] updating countdown to 18270
[16:18:39.526] [SEVERE ] updating countdown to 18249
[16:18:39.547] [SEVERE ] updating countdown to 18228
[16:18:39.568] [SEVERE ] updating countdown to 18207
[16:18:39.588] [SEVERE ] updating countdown to 18187
[16:18:39.609] [SEVERE ] updating countdown to 18166
[16:18:39.630] [SEVERE ] updating countdown to 18145
[16:18:39.650] [SEVERE ] updating countdown to 18125
[16:18:39.671] [SEVERE ] updating countdown to 18104
[16:18:39.692] [SEVERE ] updating countdown to 18083
[16:18:39.712] [SEVERE ] updating countdown to 18063
[16:18:39.733] [SEVERE ] updating countdown to 18042
[16:18:39.754] [SEVERE ] updating countdown to 18021
[16:18:39.775] [SEVERE ] updating countdown to 18000
[16:18:39.795] [SEVERE ] updating countdown to 17980
[16:18:39.816] [SEVERE ] updating countdown to 17959
[16:18:39.837] [SEVERE ] updating countdown to 17938
[16:18:39.842] [SEVERE ] key 69 was pressed by player 1
[16:18:39.843] [SEVERE ] player 1 placing token on slot 2
[16:18:39.844] [SEVERE ] updating countdown to 17931
[16:18:39.844] [SEVERE ] updating countdown to 17931
[16:18:39.865] [SEVERE ] updating countdown to 17910
[16:18:39.885] [SEVERE ] updating countdown to 17890
[16:18:39.906] [SEVERE ] updating countdown to 17869
[16:18:39.927] [SEVERE ] updating countdown to 17848
[16:18:39.947] [SEVERE ] updating countdown to 17828
[16:18:39.968] [SEVERE ] updating countdown to 17807
[16:18:39.989] [SEVERE ] updating countdown to 17787
[16:18:40.009] [SEVERE ] updating countdown to 17766
[16:18:40.030] [SEVERE ] updating countdown to 17745
[16:18:40.050] [SEVERE ] updating countdown to 17725
[16:18:40.071] [SEVERE ] updating countdown to 17704
[16:18:40.092] [SEVERE ] updating countdown to 17683
[16:18:40.112] [SEVERE ] updating countdown to 17663
[16:18:40.133] [SEVERE ] updating countdown to 17642
[16:18:40.154] [SEVERE ] updating countdown to 17621
[16:18:40.174] [SEVERE ] updating countdown to 17601
[16:18:40.195] [SEVERE ] updating countdown to 17580
[16:18:40.215] [SEVERE ] updating countdown to 17560
[16:18:40.236] [SEVERE ] updating countdown to 17539
[16:18:40.257] [SEVERE ] updating countdown to 17518
[16:18:40.277] [SEVERE ] updating countdown to 17498
[16:18:40.298] [SEVERE ] updating countdown to 17477
[16:18:40.319] [SEVERE ] updating countdown to 17456
[16:18:40.339] [SEVERE ] updating countdown to 17436
[16:18:40.360] [SEVERE ] updating countdown to 17415
[16:18:40.381] [SEVERE ] updating countdown to 17394
[16:18:40.401] [SEVERE ] updating countdown to 17374
[16:18:40.422] [SEVERE ] updating countdown to 17353
[16:18:40.442] [SEVERE ] updating countdown to 17333
[16:18:40.463] [SEVERE ] updating countdown to 17312
[16:18:40.483] [SEVERE ] updating countdown to 17292
[16:18:40.504] [SEVERE ] updating countdown to 17271
[16:18:40.525] [SEVERE ] updating countdown to 17250
[16:18:40.545] [SEVERE ] updating countdown to 17230
[16:18:40.566] [SEVERE ] updating countdown to 17209
[16:18:40.587] [SEVERE ] updating countdown to 17188
[16:18:40.607] [SEVERE ] updating countdown to 17168
[16:18:40.628] [SEVERE ] updating countdown to 17147
[16:18:40.649] [SEVERE ] updating countdown to 17126
[16:18:40.669] [SEVERE ] updating countdown to 17106
[16:18:40.690] [SEVERE ] updating countdown to 17085
[16:18:40.711] [SEVERE ] updating countdown to 17065
[16:18:40.731] [SEVERE ] updating countdown to 17044
[16:18:40.752] [SEVERE ] updating countdown to 17023
[16:18:40.772] [SEVERE ] updating countdown to 17003
[16:18:40.793] [SEVERE ] updating countdown to 16982
[16:18:40.814] [SEVERE ] updating countdown to 16961
[16:18:40.834] [SEVERE ] updating countdown to 16941
[16:18:40.855] [SEVERE ] updating countdown to 16920
[16:18:40.875] [SEVERE ] updating countdown to 16900
[16:18:40.896] [SEVERE ] updating countdown to 16879
[16:18:40.916] [SEVERE ] updating countdown to 16859
[16:18:40.937] [SEVERE ] updating countdown to 16838
[16:18:40.957] [SEVERE ] updating countdown to 16818
[16:18:40.978] [SEVERE ] updating countdown to 16797
[16:18:40.999] [SEVERE ] updating countdown to 16776
[16:18:41.019] [SEVERE ] updating countdown to 16756
[16:18:41.040] [SEVERE ] updating countdown to 16735
[16:18:41.061] [SEVERE ] updating countdown to 16714
[16:18:41.081] [SEVERE ] updating countdown to 16694
[16:18:41.102] [SEVERE ] updating countdown to 16673
[16:18:41.122] [SEVERE ] updating countdown to 16653
[16:18:41.143] [SEVERE ] updating countdown to 16632
[16:18:41.164] [SEVERE ] updating countdown to 16611
[16:18:41.184] [SEVERE ] updating countdown to 16591
[16:18:41.205] [SEVERE ] updating countdown to 16570
[16:18:41.226] [SEVERE ] updating countdown to 16549
[16:18:41.246] [SEVERE ] updating countdown to 16529
[16:18:41.267] [SEVERE ] updating countdown to 16508
[16:18:41.288] [SEVERE ] updating countdown to 16487
[16:18:41.308] [SEVERE ] updating countdown to 16467
[16:18:41.329] [SEVERE ] updating countdown to 16446
[16:18:41.349] [SEVERE ] updating countdown to 16426
[16:18:41.370] [SEVERE ] updating countdown to 16405
[16:18:41.390] [SEVERE ] updating countdown to 16385
[16:18:41.400] [SEVERE ] key 82 was pressed by player 1
[16:18:41.411] [SEVERE ] updating countdown to 16364
[16:18:41.432] [SEVERE ] updating countdown to 16343
[16:18:41.452] [SEVERE ] updating countdown to 16323
[16:18:41.473] [SEVERE ] updating countdown to 16302
[16:18:41.494] [SEVERE ] updating countdown to 16282
[16:18:41.514] [SEVERE ] updating countdown to 16261
[16:18:41.535] [SEVERE ] updating countdown to 16240
[16:18:41.556] [SEVERE ] updating countdown to 16219
[16:18:41.576] [SEVERE ] updating countdown to 16199
[16:18:41.597] [SEVERE ] updating countdown to 16178
[16:18:41.617] [SEVERE ] updating countdown to 16158
[16:18:41.638] [SEVERE ] updating countdown to 16137
[16:18:41.659] [SEVERE ] updating countdown to 16116
[16:18:41.679] [SEVERE ] updating countdown to 16096
[16:18:41.700] [SEVERE ] updating countdown to 16075
[16:18:41.720] [SEVERE ] updating countdown to 16055
[16:18:41.741] [SEVERE ] updating countdown to 16034
[16:18:41.762] [SEVERE ] updating countdown to 16013
[16:18:41.782] [SEVERE ] updating countdown to 15993
[16:18:41.803] [SEVERE ] updating countdown to 15972
[16:18:41.827] [SEVERE ] updating countdown to 15948
[16:18:41.848] [SEVERE ] updating countdown to 15928
[16:18:41.868] [SEVERE ] updating countdown to 15907
[16:18:41.889] [SEVERE ] updating countdown to 15886
[16:18:41.909] [SEVERE ] updating countdown to 15866
[16:18:41.930] [SEVERE ] updating countdown to 15845
[16:18:41.950] [SEVERE ] updating countdown to 15825
[16:18:41.971] [SEVERE ] updating countdown to 15804
[16:18:41.992] [SEVERE ] updating countdown to 15783
[16:18:42.013] [SEVERE ] updating countdown to 15763
[16:18:42.033] [SEVERE ] updating countdown to 15742
[16:18:42.054] [SEVERE ] updating countdown to 15721
[16:18:42.074] [SEVERE ] updating countdown to 15701
[16:18:42.095] [SEVERE ] updating countdown to 15680
[16:18:42.116] [SEVERE ] updating countdown to 15659
[16:18:42.136] [SEVERE ] updating countdown to 15639
[16:18:42.157] [SEVERE ] updating countdown to 15618
[16:18:42.178] [SEVERE ] updating countdown to 15598
[16:18:42.198] [SEVERE ] updating countdown to 15577
[16:18:42.219] [SEVERE ] updating countdown to 15556
[16:18:42.239] [SEVERE ] updating countdown to 15536
[16:18:42.260] [SEVERE ] updating countdown to 15515
[16:18:42.280] [SEVERE ] updating countdown to 15495
[16:18:42.301] [SEVERE ] updating countdown to 15474
[16:18:42.321] [SEVERE ] updating countdown to 15454
[16:18:42.342] [SEVERE ] updating countdown to 15433
[16:18:42.363] [SEVERE ] updating countdown to 15412
[16:18:42.383] [SEVERE ] updating countdown to 15392
[16:18:42.404] [SEVERE ] updating countdown to 15371
[16:18:42.424] [SEVERE ] updating countdown to 15351
[16:18:42.445] [SEVERE ] updating countdown to 15330
[16:18:42.465] [SEVERE ] updating countdown to 15310
[16:18:42.486] [SEVERE ] updating countdown to 15289
[16:18:42.507] [SEVERE ] updating countdown to 15268
[16:18:42.528] [SEVERE ] updating countdown to 15247
[16:18:42.548] [SEVERE ] updating countdown to 15227
[16:18:42.569] [SEVERE ] updating countdown to 15206
[16:18:42.590] [SEVERE ] updating countdown to 15186
[16:18:42.610] [SEVERE ] updating countdown to 15165
[16:18:42.631] [SEVERE ] updating countdown to 15144
[16:18:42.652] [SEVERE ] updating countdown to 15123
[16:18:42.672] [SEVERE ] updating countdown to 15103
[16:18:42.693] [SEVERE ] updating countdown to 15082
[16:18:42.713] [SEVERE ] updating countdown to 15062
[16:18:42.734] [SEVERE ] updating countdown to 15041
[16:18:42.754] [SEVERE ] updating countdown to 15021
[16:18:42.768] [SEVERE ] key 83 was pressed by player 1
[16:18:42.775] [SEVERE ] updating countdown to 15000
[16:18:42.796] [SEVERE ] updating countdown to 14979
[16:18:42.798] [SEVERE ] key 68 was pressed by player 1
[16:18:42.817] [SEVERE ] updating countdown to 14958
[16:18:42.837] [SEVERE ] updating countdown to 14938
[16:18:42.858] [SEVERE ] updating countdown to 14917
[16:18:42.864] [SEVERE ] key 65 was pressed by player 1
[16:18:42.879] [SEVERE ] updating countdown to 14897
[16:18:42.899] [SEVERE ] updating countdown to 14876
[16:18:42.920] [SEVERE ] updating countdown to 14855
[16:18:42.940] [SEVERE ] updating countdown to 14835
[16:18:42.961] [SEVERE ] updating countdown to 14814
[16:18:42.976] [SEVERE ] key 68 was pressed by player 1
[16:18:42.982] [SEVERE ] updating countdown to 14793
[16:18:43.002] [SEVERE ] updating countdown to 14773
[16:18:43.023] [SEVERE ] updating countdown to 14752
[16:18:43.044] [SEVERE ] updating countdown to 14731
[16:18:43.064] [SEVERE ] updating countdown to 14711
[16:18:43.085] [SEVERE ] updating countdown to 14690
[16:18:43.105] [SEVERE ] updating countdown to 14670
[16:18:43.126] [SEVERE ] updating countdown to 14649
[16:18:43.147] [SEVERE ] updating countdown to 14628
[16:18:43.168] [SEVERE ] updating countdown to 14607
[16:18:43.189] [SEVERE ] updating countdown to 14587
[16:18:43.209] [SEVERE ] updating countdown to 14566
[16:18:43.230] [SEVERE ] updating countdown to 14545
[16:18:43.250] [SEVERE ] updating countdown to 14525
[16:18:43.271] [SEVERE ] updating countdown to 14504
[16:18:43.292] [SEVERE ] updating countdown to 14483
[16:18:43.312] [SEVERE ] updating countdown to 14463
[16:18:43.333] [SEVERE ] updating countdown to 14442
[16:18:43.354] [SEVERE ] updating countdown to 14421
[16:18:43.374] [SEVERE ] updating countdown to 14401
[16:18:43.395] [SEVERE ] updating countdown to 14380
[16:18:43.415] [SEVERE ] updating countdown to 14360
[16:18:43.436] [SEVERE ] updating countdown to 14339
[16:18:43.457] [SEVERE ] updating countdown to 14318
[16:18:43.477] [SEVERE ] updating countdown to 14298
[16:18:43.498] [SEVERE ] updating countdown to 14277
[16:18:43.518] [SEVERE ] updating countdown to 14257
[16:18:43.539] [SEVERE ] updating countdown to 14236
[16:18:43.560] [SEVERE ] updating countdown to 14215
[16:18:43.581] [SEVERE ] updating countdown to 14194
[16:18:43.601] [SEVERE ] updating countdown to 14174
[16:18:43.622] [SEVERE ] updating countdown to 14153
[16:18:43.642] [SEVERE ] updating countdown to 14133
[16:18:43.663] [SEVERE ] updating countdown to 14112
[16:18:43.683] [SEVERE ] updating countdown to 14092
[16:18:43.704] [SEVERE ] updating countdown to 14071
[16:18:43.724] [SEVERE ] updating countdown to 14051
[16:18:43.745] [SEVERE ] updating countdown to 14030
[16:18:43.766] [SEVERE ] updating countdown to 14009
[16:18:43.786] [SEVERE ] updating countdown to 13989
[16:18:43.807] [SEVERE ] updating countdown to 13968
[16:18:43.814] [SEVERE ] key 81 was pressed by player 1
[16:18:43.814] [SEVERE ] removing player 1 token from slot 0
[16:18:43.828] [SEVERE ] updating countdown to 13947
[16:18:43.848] [SEVERE ] updating countdown to 13927
[16:18:43.869] [SEVERE ] updating countdown to 13906
[16:18:43.889] [SEVERE ] updating countdown to 13886
[16:18:43.910] [SEVERE ] updating countdown to 13865
[16:18:43.931] [SEVERE ] updating countdown to 13844
[16:18:43.952] [SEVERE ] updating countdown to 13823
[16:18:43.972] [SEVERE ] updating countdown to 13803
[16:18:43.993] [SEVERE ] updating countdown to 13782
[16:18:44.014] [SEVERE ] updating countdown to 13761
[16:18:44.035] [SEVERE ] updating countdown to 13740
[16:18:44.056] [SEVERE ] updating countdown to 13719
[16:18:44.077] [SEVERE ] updating countdown to 13698
[16:18:44.097] [SEVERE ] updating countdown to 13678
[16:18:44.118] [SEVERE ] updating countdown to 13657
[16:18:44.138] [SEVERE ] updating countdown to 13637
[16:18:44.159] [SEVERE ] updating countdown to 13616
[16:18:44.179] [SEVERE ] updating countdown to 13596
[16:18:44.200] [SEVERE ] updating countdown to 13575
[16:18:44.220] [SEVERE ] updating countdown to 13555
[16:18:44.241] [SEVERE ] updating countdown to 13534
[16:18:44.262] [SEVERE ] updating countdown to 13513
[16:18:44.282] [SEVERE ] updating countdown to 13493
[16:18:44.303] [SEVERE ] updating countdown to 13472
[16:18:44.324] [SEVERE ] updating countdown to 13451
[16:18:44.339] [SEVERE ] key 87 was pressed by player 1
[16:18:44.339] [SEVERE ] removing player 1 token from slot 1
[16:18:44.344] [SEVERE ] updating countdown to 13431
[16:18:44.365] [SEVERE ] updating countdown to 13410
[16:18:44.386] [SEVERE ] updating countdown to 13389
[16:18:44.406] [SEVERE ] updating countdown to 13369
[16:18:44.427] [SEVERE ] updating countdown to 13348
[16:18:44.447] [SEVERE ] updating countdown to 13328
[16:18:44.468] [SEVERE ] updating countdown to 13307
[16:18:44.489] [SEVERE ] updating countdown to 13287
[16:18:44.509] [SEVERE ] updating countdown to 13266
[16:18:44.529] [SEVERE ] updating countdown to 13246
[16:18:44.550] [SEVERE ] updating countdown to 13225
[16:18:44.570] [SEVERE ] updating countdown to 13205
[16:18:44.591] [SEVERE ] updating countdown to 13184
[16:18:44.612] [SEVERE ] updating countdown to 13163
[16:18:44.632] [SEVERE ] updating countdown to 13143
[16:18:44.653] [SEVERE ] updating countdown to 13122
[16:18:44.674] [SEVERE ] updating countdown to 13102
[16:18:44.694] [SEVERE ] updating countdown to 13081
[16:18:44.715] [SEVERE ] updating countdown to 13060
[16:18:44.735] [SEVERE ] updating countdown to 13040
[16:18:44.756] [SEVERE ] updating countdown to 13019
[16:18:44.776] [SEVERE ] updating countdown to 12999
[16:18:44.797] [SEVERE ] updating countdown to 12978
[16:18:44.818] [SEVERE ] updating countdown to 12957
[16:18:44.838] [SEVERE ] updating countdown to 12937
[16:18:44.854] [SEVERE ] key 69 was pressed by player 1
[16:18:44.854] [SEVERE ] removing player 1 token from slot 2
[16:18:44.859] [SEVERE ] updating countdown to 12916
[16:18:44.879] [SEVERE ] updating countdown to 12896
[16:18:44.900] [SEVERE ] updating countdown to 12875
[16:18:44.921] [SEVERE ] updating countdown to 12854
[16:18:44.942] [SEVERE ] updating countdown to 12833
[16:18:44.962] [SEVERE ] updating countdown to 12813
[16:18:44.983] [SEVERE ] updating countdown to 12792
[16:18:45.003] [SEVERE ] updating countdown to 12772
[16:18:45.024] [SEVERE ] updating countdown to 12751
[16:18:45.045] [SEVERE ] updating countdown to 12730
[16:18:45.065] [SEVERE ] updating countdown to 12710
[16:18:45.086] [SEVERE ] updating countdown to 12689
[16:18:45.107] [SEVERE ] updating countdown to 12668
[16:18:45.127] [SEVERE ] updating countdown to 12648
[16:18:45.148] [SEVERE ] updating countdown to 12627
[16:18:45.169] [SEVERE ] updating countdown to 12606
[16:18:45.190] [SEVERE ] updating countdown to 12585
[16:18:45.210] [SEVERE ] updating countdown to 12565
[16:18:45.231] [SEVERE ] updating countdown to 12545
[16:18:45.251] [SEVERE ] updating countdown to 12524
[16:18:45.271] [SEVERE ] updating countdown to 12504
[16:18:45.292] [SEVERE ] updating countdown to 12483
[16:18:45.313] [SEVERE ] updating countdown to 12462
[16:18:45.333] [SEVERE ] updating countdown to 12442
[16:18:45.354] [SEVERE ] updating countdown to 12421
[16:18:45.374] [SEVERE ] updating countdown to 12401
[16:18:45.395] [SEVERE ] updating countdown to 12380
[16:18:45.415] [SEVERE ] updating countdown to 12360
[16:18:45.436] [SEVERE ] updating countdown to 12339
[16:18:45.457] [SEVERE ] updating countdown to 12318
[16:18:45.477] [SEVERE ] updating countdown to 12298
[16:18:45.488] [SEVERE ] key 83 was pressed by player 1
[16:18:45.489] [SEVERE ] player 1 placing token on slot 5
[16:18:45.498] [SEVERE ] updating countdown to 12278
[16:18:45.518] [SEVERE ] updating countdown to 12257
[16:18:45.539] [SEVERE ] updating countdown to 12236
[16:18:45.559] [SEVERE ] updating countdown to 12216
[16:18:45.580] [SEVERE ] updating countdown to 12195
[16:18:45.600] [SEVERE ] updating countdown to 12175
[16:18:45.621] [SEVERE ] updating countdown to 12154
[16:18:45.641] [SEVERE ] updating countdown to 12134
[16:18:45.662] [SEVERE ] updating countdown to 12113
[16:18:45.682] [SEVERE ] updating countdown to 12093
[16:18:45.703] [SEVERE ] updating countdown to 12072
[16:18:45.723] [SEVERE ] updating countdown to 12052
[16:18:45.724] [SEVERE ] key 65 was pressed by player 1
[16:18:45.724] [SEVERE ] player 1 placing token on slot 4
[16:18:45.744] [SEVERE ] updating countdown to 12031
[16:18:45.764] [SEVERE ] updating countdown to 12011
[16:18:45.785] [SEVERE ] updating countdown to 11990
[16:18:45.805] [SEVERE ] updating countdown to 11970
[16:18:45.826] [SEVERE ] updating countdown to 11949
[16:18:45.847] [SEVERE ] updating countdown to 11928
[16:18:45.867] [SEVERE ] updating countdown to 11908
[16:18:45.888] [SEVERE ] updating countdown to 11887
[16:18:45.908] [SEVERE ] updating countdown to 11867
[16:18:45.929] [SEVERE ] updating countdown to 11846
[16:18:45.949] [SEVERE ] updating countdown to 11826
[16:18:45.970] [SEVERE ] updating countdown to 11805
[16:18:45.990] [SEVERE ] updating countdown to 11785
[16:18:46.011] [SEVERE ] updating countdown to 11764
[16:18:46.031] [SEVERE ] updating countdown to 11744
[16:18:46.045] [SEVERE ] key 70 was pressed by player 1
[16:18:46.045] [SEVERE ] player 1 placing token on slot 7
[16:18:46.046] [SEVERE ] updating countdown to 11729
[16:18:46.046] [SEVERE ] updating countdown to 11729
[16:18:46.067] [SEVERE ] updating countdown to 11708
[16:18:46.087] [SEVERE ] updating countdown to 11688
[16:18:46.108] [SEVERE ] updating countdown to 11667
[16:18:46.128] [SEVERE ] updating countdown to 11647
[16:18:46.149] [SEVERE ] updating countdown to 11626
[16:18:46.170] [SEVERE ] updating countdown to 11605
[16:18:46.190] [SEVERE ] updating countdown to 11585
[16:18:46.211] [SEVERE ] updating countdown to 11564
[16:18:46.231] [SEVERE ] updating countdown to 11544
[16:18:46.252] [SEVERE ] updating countdown to 11523
[16:18:46.272] [SEVERE ] updating countdown to 11503
[16:18:46.293] [SEVERE ] updating countdown to 11482
[16:18:46.313] [SEVERE ] updating countdown to 11462
[16:18:46.334] [SEVERE ] updating countdown to 11441
[16:18:46.354] [SEVERE ] updating countdown to 11421
[16:18:46.375] [SEVERE ] updating countdown to 11400
[16:18:46.395] [SEVERE ] updating countdown to 11380
[16:18:46.416] [SEVERE ] updating countdown to 11359
[16:18:46.436] [SEVERE ] updating countdown to 11339
[16:18:46.457] [SEVERE ] updating countdown to 11318
[16:18:46.477] [SEVERE ] updating countdown to 11298
[16:18:46.498] [SEVERE ] updating countdown to 11277
[16:18:46.518] [SEVERE ] updating countdown to 11257
[16:18:46.539] [SEVERE ] updating countdown to 11236
[16:18:46.559] [SEVERE ] updating countdown to 11216
[16:18:46.580] [SEVERE ] updating countdown to 11195
[16:18:46.600] [SEVERE ] updating countdown to 11175
[16:18:46.621] [SEVERE ] updating countdown to 11154
[16:18:46.641] [SEVERE ] updating countdown to 11134
[16:18:46.661] [SEVERE ] updating countdown to 11114
[16:18:46.682] [SEVERE ] updating countdown to 11093
[16:18:46.703] [SEVERE ] updating countdown to 11072
[16:18:46.723] [SEVERE ] updating countdown to 11052
[16:18:46.744] [SEVERE ] updating countdown to 11031
[16:18:46.764] [SEVERE ] updating countdown to 11011
[16:18:46.785] [SEVERE ] updating countdown to 10990
[16:18:46.806] [SEVERE ] updating countdown to 10969
[16:18:46.826] [SEVERE ] updating countdown to 10949
[16:18:46.847] [SEVERE ] updating countdown to 10928
[16:18:46.867] [SEVERE ] updating countdown to 10908
[16:18:46.888] [SEVERE ] updating countdown to 10887
[16:18:46.908] [SEVERE ] updating countdown to 10867
[16:18:46.929] [SEVERE ] updating countdown to 10846
[16:18:46.950] [SEVERE ] updating countdown to 10825
[16:18:46.970] [SEVERE ] updating countdown to 10805
[16:18:46.991] [SEVERE ] updating countdown to 10784
[16:18:47.011] [SEVERE ] updating countdown to 10764
[16:18:47.032] [SEVERE ] updating countdown to 10743
[16:18:47.052] [SEVERE ] updating countdown to 10723
[16:18:47.073] [SEVERE ] updating countdown to 10702
[16:18:47.093] [SEVERE ] updating countdown to 10682
[16:18:47.114] [SEVERE ] updating countdown to 10661
[16:18:47.135] [SEVERE ] updating countdown to 10640
[16:18:47.155] [SEVERE ] updating countdown to 10620
[16:18:47.176] [SEVERE ] updating countdown to 10599
[16:18:47.196] [SEVERE ] updating countdown to 10579
[16:18:47.217] [SEVERE ] updating countdown to 10558
[16:18:47.238] [SEVERE ] updating countdown to 10537
[16:18:47.258] [SEVERE ] updating countdown to 10517
[16:18:47.279] [SEVERE ] updating countdown to 10496
[16:18:47.299] [SEVERE ] updating countdown to 10476
[16:18:47.320] [SEVERE ] updating countdown to 10455
[16:18:47.340] [SEVERE ] updating countdown to 10435
[16:18:47.361] [SEVERE ] updating countdown to 10414
[16:18:47.381] [SEVERE ] updating countdown to 10394
[16:18:47.402] [SEVERE ] updating countdown to 10373
[16:18:47.423] [SEVERE ] updating countdown to 10352
[16:18:47.444] [SEVERE ] updating countdown to 10331
[16:18:47.464] [SEVERE ] updating countdown to 10311
[16:18:47.485] [SEVERE ] updating countdown to 10290
[16:18:47.505] [SEVERE ] updating countdown to 10270
[16:18:47.525] [SEVERE ] updating countdown to 10250
[16:18:47.546] [SEVERE ] updating countdown to 10229
[16:18:47.566] [SEVERE ] updating countdown to 10209
[16:18:47.587] [SEVERE ] updating countdown to 10188
[16:18:47.607] [SEVERE ] updating countdown to 10168
[16:18:47.628] [SEVERE ] updating countdown to 10147
[16:18:47.648] [SEVERE ] updating countdown to 10127
[16:18:47.669] [SEVERE ] updating countdown to 10106
[16:18:47.689] [SEVERE ] updating countdown to 10086
[16:18:47.710] [SEVERE ] updating countdown to 10065
[16:18:47.730] [SEVERE ] updating countdown to 10045
[16:18:47.751] [SEVERE ] updating countdown to 10024
[16:18:47.771] [SEVERE ] updating countdown to 10004
[16:18:47.792] [SEVERE ] updating countdown to 9983
[16:18:47.813] [SEVERE ] updating countdown to 9962
[16:18:47.833] [SEVERE ] updating countdown to 9942
[16:18:47.854] [SEVERE ] updating countdown to 9921
[16:18:47.874] [SEVERE ] updating countdown to 9901
[16:18:47.895] [SEVERE ] updating countdown to 9880
[16:18:47.916] [SEVERE ] updating countdown to 9859
[16:18:47.936] [SEVERE ] updating countdown to 9839
[16:18:47.940] [SEVERE ] key 65 was pressed by player 1
[16:18:47.941] [SEVERE ] removing player 1 token from slot 4
[16:18:47.957] [SEVERE ] updating countdown to 9818
[16:18:47.977] [SEVERE ] updating countdown to 9798
[16:18:47.998] [SEVERE ] updating countdown to 9777
[16:18:48.019] [SEVERE ] updating countdown to 9756
[16:18:48.039] [SEVERE ] updating countdown to 9736
[16:18:48.060] [SEVERE ] updating countdown to 9715
[16:18:48.080] [SEVERE ] updating countdown to 9695
[16:18:48.101] [SEVERE ] updating countdown to 9674
[16:18:48.122] [SEVERE ] updating countdown to 9653
[16:18:48.142] [SEVERE ] updating countdown to 9633
[16:18:48.163] [SEVERE ] updating countdown to 9612
[16:18:48.183] [SEVERE ] updating countdown to 9592
[16:18:48.185] [SEVERE ] key 83 was pressed by player 1
[16:18:48.186] [SEVERE ] removing player 1 token from slot 5
[16:18:48.204] [SEVERE ] updating countdown to 9571
[16:18:48.224] [SEVERE ] updating countdown to 9551
[16:18:48.245] [SEVERE ] updating countdown to 9530
[16:18:48.265] [SEVERE ] updating countdown to 9510
[16:18:48.286] [SEVERE ] updating countdown to 9489
[16:18:48.307] [SEVERE ] updating countdown to 9468
[16:18:48.307] [SEVERE ] key 68 was pressed by player 1
[16:18:48.307] [SEVERE ] player 1 placing token on slot 6
[16:18:48.327] [SEVERE ] updating countdown to 9448
[16:18:48.348] [SEVERE ] updating countdown to 9427
[16:18:48.368] [SEVERE ] updating countdown to 9407
[16:18:48.389] [SEVERE ] updating countdown to 9386
[16:18:48.409] [SEVERE ] updating countdown to 9366
[16:18:48.430] [SEVERE ] updating countdown to 9345
[16:18:48.450] [SEVERE ] updating countdown to 9325
[16:18:48.471] [SEVERE ] updating countdown to 9305
[16:18:48.491] [SEVERE ] updating countdown to 9284
[16:18:48.506] [SEVERE ] key 68 was pressed by player 1
[16:18:48.506] [SEVERE ] removing player 1 token from slot 6
[16:18:48.511] [SEVERE ] updating countdown to 9264
[16:18:48.532] [SEVERE ] updating countdown to 9243
[16:18:48.552] [SEVERE ] updating countdown to 9223
[16:18:48.572] [SEVERE ] updating countdown to 9203
[16:18:48.593] [SEVERE ] updating countdown to 9182
[16:18:48.613] [SEVERE ] updating countdown to 9162
[16:18:48.634] [SEVERE ] updating countdown to 9141
[16:18:48.654] [SEVERE ] updating countdown to 9121
[16:18:48.675] [SEVERE ] updating countdown to 9100
[16:18:48.695] [SEVERE ] updating countdown to 9080
[16:18:48.716] [SEVERE ] updating countdown to 9059
[16:18:48.736] [SEVERE ] updating countdown to 9039
[16:18:48.757] [SEVERE ] updating countdown to 9018
[16:18:48.778] [SEVERE ] updating countdown to 8997
[16:18:48.799] [SEVERE ] updating countdown to 8976
[16:18:48.819] [SEVERE ] updating countdown to 8956
[16:18:48.840] [SEVERE ] updating countdown to 8935
[16:18:48.861] [SEVERE ] updating countdown to 8914
[16:18:48.881] [SEVERE ] updating countdown to 8894
[16:18:48.902] [SEVERE ] updating countdown to 8873
[16:18:48.922] [SEVERE ] updating countdown to 8853
[16:18:48.943] [SEVERE ] updating countdown to 8832
[16:18:48.963] [SEVERE ] updating countdown to 8812
[16:18:48.984] [SEVERE ] updating countdown to 8791
[16:18:49.004] [SEVERE ] updating countdown to 8771
[16:18:49.025] [SEVERE ] updating countdown to 8750
[16:18:49.045] [SEVERE ] updating countdown to 8730
[16:18:49.066] [SEVERE ] updating countdown to 8709
[16:18:49.086] [SEVERE ] updating countdown to 8689
[16:18:49.107] [SEVERE ] updating countdown to 8668
[16:18:49.127] [SEVERE ] updating countdown to 8648
[16:18:49.148] [SEVERE ] updating countdown to 8627
[16:18:49.168] [SEVERE ] updating countdown to 8607
[16:18:49.189] [SEVERE ] updating countdown to 8586
[16:18:49.210] [SEVERE ] updating countdown to 8565
[16:18:49.230] [SEVERE ] updating countdown to 8545
[16:18:49.251] [SEVERE ] updating countdown to 8524
[16:18:49.271] [SEVERE ] updating countdown to 8504
[16:18:49.292] [SEVERE ] updating countdown to 8483
[16:18:49.312] [SEVERE ] updating countdown to 8463
[16:18:49.333] [SEVERE ] updating countdown to 8442
[16:18:49.353] [SEVERE ] updating countdown to 8422
[16:18:49.374] [SEVERE ] updating countdown to 8401
[16:18:49.395] [SEVERE ] updating countdown to 8380
[16:18:49.415] [SEVERE ] updating countdown to 8360
[16:18:49.436] [SEVERE ] updating countdown to 8339
[16:18:49.456] [SEVERE ] updating countdown to 8319
[16:18:49.477] [SEVERE ] updating countdown to 8298
[16:18:49.498] [SEVERE ] updating countdown to 8278
[16:18:49.518] [SEVERE ] updating countdown to 8257
[16:18:49.538] [SEVERE ] updating countdown to 8237
[16:18:49.559] [SEVERE ] updating countdown to 8216
[16:18:49.579] [SEVERE ] updating countdown to 8196
[16:18:49.600] [SEVERE ] updating countdown to 8175
[16:18:49.620] [SEVERE ] updating countdown to 8155
[16:18:49.641] [SEVERE ] updating countdown to 8134
[16:18:49.662] [SEVERE ] updating countdown to 8113
[16:18:49.682] [SEVERE ] updating countdown to 8093
[16:18:49.703] [SEVERE ] updating countdown to 8072
[16:18:49.724] [SEVERE ] updating countdown to 8051
[16:18:49.744] [SEVERE ] updating countdown to 8031
[16:18:49.765] [SEVERE ] updating countdown to 8010
[16:18:49.785] [SEVERE ] updating countdown to 7990
[16:18:49.806] [SEVERE ] updating countdown to 7969
[16:18:49.827] [SEVERE ] updating countdown to 7948
[16:18:49.847] [SEVERE ] updating countdown to 7928
[16:18:49.868] [SEVERE ] updating countdown to 7907
[16:18:49.889] [SEVERE ] updating countdown to 7886
[16:18:49.909] [SEVERE ] updating countdown to 7866
[16:18:49.930] [SEVERE ] updating countdown to 7845
[16:18:49.950] [SEVERE ] updating countdown to 7825
[16:18:49.971] [SEVERE ] updating countdown to 7804
[16:18:49.991] [SEVERE ] updating countdown to 7784
[16:18:50.012] [SEVERE ] updating countdown to 7763
[16:18:50.032] [SEVERE ] updating countdown to 7743
[16:18:50.053] [SEVERE ] updating countdown to 7722
[16:18:50.073] [SEVERE ] updating countdown to 7702
[16:18:50.094] [SEVERE ] updating countdown to 7681
[16:18:50.114] [SEVERE ] updating countdown to 7661
[16:18:50.135] [SEVERE ] updating countdown to 7640
[16:18:50.155] [SEVERE ] updating countdown to 7620
[16:18:50.176] [SEVERE ] updating countdown to 7599
[16:18:50.196] [SEVERE ] updating countdown to 7579
[16:18:50.216] [SEVERE ] updating countdown to 7559
[16:18:50.237] [SEVERE ] updating countdown to 7538
[16:18:50.258] [SEVERE ] updating countdown to 7517
[16:18:50.278] [SEVERE ] updating countdown to 7497
[16:18:50.298] [SEVERE ] updating countdown to 7477
[16:18:50.319] [SEVERE ] updating countdown to 7456
[16:18:50.340] [SEVERE ] updating countdown to 7435
[16:18:50.361] [SEVERE ] updating countdown to 7415
[16:18:50.381] [SEVERE ] updating countdown to 7394
[16:18:50.402] [SEVERE ] updating countdown to 7373
[16:18:50.422] [SEVERE ] updating countdown to 7353
[16:18:50.443] [SEVERE ] updating countdown to 7332
[16:18:50.463] [SEVERE ] updating countdown to 7312
[16:18:50.484] [SEVERE ] updating countdown to 7291
[16:18:50.504] [SEVERE ] updating countdown to 7271
[16:18:50.525] [SEVERE ] updating countdown to 7250
[16:18:50.545] [SEVERE ] updating countdown to 7230
[16:18:50.566] [SEVERE ] updating countdown to 7209
[16:18:50.587] [SEVERE ] updating countdown to 7188
[16:18:50.607] [SEVERE ] updating countdown to 7168
[16:18:50.627] [SEVERE ] updating countdown to 7148
[16:18:50.648] [SEVERE ] updating countdown to 7127
[16:18:50.669] [SEVERE ] updating countdown to 7106
[16:18:50.689] [SEVERE ] updating countdown to 7086
[16:18:50.709] [SEVERE ] updating countdown to 7066
[16:18:50.730] [SEVERE ] updating countdown to 7045
[16:18:50.750] [SEVERE ] updating countdown to 7025
[16:18:50.771] [SEVERE ] updating countdown to 7004
