[16:17:23.135] [INFO   ] thread main starting.
[16:17:23.144] [SEVERE ] cannot read configuration file config.properties trying from resources.
[16:17:23.147] [SEVERE ] configuration file was loaded from resources directory.
[16:17:23.785] [INFO   ] thread dealer starting.
[16:17:23.786] [INFO   ] Thread dealer starting.
[16:17:23.789] [INFO   ] Thread player 0 starting.
[16:17:23.791] [INFO   ] Thread computer-0 starting.
[16:17:23.793] [INFO   ] Thread player 1 starting.
[16:17:23.794] [INFO   ] Thread computer-1 starting.
[16:17:23.797] [INFO   ] Thread player 2 starting.
[16:17:23.799] [INFO   ] Thread computer-2 starting.
[16:17:23.802] [INFO   ] Thread player 3 starting.
[16:17:23.803] [INFO   ] Thread computer-3 starting.
[16:17:23.922] [SEVERE ] placing card 52 in slot 0
[16:17:24.024] [SEVERE ] placing card 14 in slot 1
[16:17:24.125] [SEVERE ] placing card 42 in slot 2
[16:17:24.226] [SEVERE ] placing card 2 in slot 3
[16:17:24.327] [SEVERE ] placing card 4 in slot 4
[16:17:24.428] [SEVERE ] placing card 64 in slot 5
[16:17:24.529] [SEVERE ] placing card 9 in slot 6
[16:17:24.630] [SEVERE ] placing card 23 in slot 7
[16:17:24.730] [SEVERE ] placing card 22 in slot 8
[16:17:24.831] [SEVERE ] placing card 65 in slot 9
[16:17:24.932] [SEVERE ] placing card 1 in slot 10
[16:17:25.033] [SEVERE ] placing card 57 in slot 11
[16:17:25.037] [SEVERE ] player 4 placing token on slot 8
[16:17:25.039] [SEVERE ] player 2 placing token on slot 5
[16:17:25.041] [SEVERE ] player 3 placing token on slot 3
[16:17:25.042] [SEVERE ] player 1 placing token on slot 9
[16:17:25.043] [SEVERE ] player 4 placing token on slot 4
[16:17:25.044] [SEVERE ] player 3 placing token on slot 0
[16:17:25.045] [SEVERE ] player 2 placing token on slot 10
[16:17:25.046] [SEVERE ] player 1 placing token on slot 4
[16:17:25.046] [SEVERE ] player 3 placing token on slot 11
[16:17:25.047] [SEVERE ] player 4 placing token on slot 0
[16:17:25.048] [SEVERE ] player 2 placing token on slot 7
[16:17:25.048] [SEVERE ] removing player 1 token from slot 9
[16:17:25.049] [SEVERE ] setting player 3 freeze to 3000
[16:17:25.050] [SEVERE ] updating countdown to 20000
[16:17:25.050] [SEVERE ] removing player 1 token from slot 4
[16:17:25.052] [SEVERE ] updating countdown to 19998
[16:17:25.052] [SEVERE ] setting player 4 freeze to 3000
[16:17:25.054] [SEVERE ] player 1 placing token on slot 0
[16:17:25.056] [SEVERE ] updating countdown to 19994
[16:17:25.056] [SEVERE ] setting player 2 freeze to 3000
[16:17:25.057] [SEVERE ] updating countdown to 19993
[16:17:25.057] [SEVERE ] player 1 placing token on slot 9
[16:17:25.060] [SEVERE ] player 1 placing token on slot 6
[16:17:25.061] [SEVERE ] setting player 1 freeze to 3000
[16:17:25.062] [SEVERE ] updating countdown to 19988
[16:17:25.063] [SEVERE ] updating countdown to 19987
[16:17:25.083] [SEVERE ] updating countdown to 19967
[16:17:25.104] [SEVERE ] updating countdown to 19946
[16:17:25.124] [SEVERE ] updating countdown to 19926
[16:17:25.145] [SEVERE ] updating countdown to 19905
[16:17:25.165] [SEVERE ] updating countdown to 19885
[16:17:25.187] [SEVERE ] updating countdown to 19864
[16:17:25.207] [SEVERE ] updating countdown to 19843
[16:17:25.228] [SEVERE ] updating countdown to 19822
[16:17:25.249] [SEVERE ] updating countdown to 19801
[16:17:25.269] [SEVERE ] updating countdown to 19781
[16:17:25.290] [SEVERE ] updating countdown to 19760
[16:17:25.311] [SEVERE ] updating countdown to 19739
[16:17:25.332] [SEVERE ] updating countdown to 19719
[16:17:25.352] [SEVERE ] updating countdown to 19698
[16:17:25.373] [SEVERE ] updating countdown to 19677
[16:17:25.393] [SEVERE ] updating countdown to 19657
[16:17:25.414] [SEVERE ] updating countdown to 19636
[16:17:25.434] [SEVERE ] updating countdown to 19616
[16:17:25.455] [SEVERE ] updating countdown to 19595
[16:17:25.476] [SEVERE ] updating countdown to 19574
[16:17:25.496] [SEVERE ] updating countdown to 19554
[16:17:25.517] [SEVERE ] updating countdown to 19533
[16:17:25.538] [SEVERE ] updating countdown to 19512
[16:17:25.558] [SEVERE ] updating countdown to 19492
[16:17:25.579] [SEVERE ] updating countdown to 19471
[16:17:25.600] [SEVERE ] updating countdown to 19450
[16:17:25.620] [SEVERE ] updating countdown to 19430
[16:17:25.641] [SEVERE ] updating countdown to 19409
[16:17:25.650] [SEVERE ] setting player 3 freeze to 2399
[16:17:25.656] [SEVERE ] setting player 4 freeze to 2396
[16:17:25.657] [SEVERE ] setting player 2 freeze to 2399
[16:17:25.662] [SEVERE ] updating countdown to 19388
[16:17:25.662] [SEVERE ] setting player 1 freeze to 2399
[16:17:25.682] [SEVERE ] updating countdown to 19368
[16:17:25.703] [SEVERE ] updating countdown to 19347
[16:17:25.724] [SEVERE ] updating countdown to 19326
[16:17:25.744] [SEVERE ] updating countdown to 19306
[16:17:25.765] [SEVERE ] updating countdown to 19285
[16:17:25.785] [SEVERE ] updating countdown to 19265
[16:17:25.806] [SEVERE ] updating countdown to 19244
[16:17:25.827] [SEVERE ] updating countdown to 19223
[16:17:25.847] [SEVERE ] updating countdown to 19203
[16:17:25.868] [SEVERE ] updating countdown to 19182
[16:17:25.888] [SEVERE ] updating countdown to 19162
[16:17:25.909] [SEVERE ] updating countdown to 19141
[16:17:25.930] [SEVERE ] updating countdown to 19120
[16:17:25.951] [SEVERE ] updating countdown to 19099
[16:17:25.972] [SEVERE ] updating countdown to 19078
[16:17:25.992] [SEVERE ] updating countdown to 19058
[16:17:26.013] [SEVERE ] updating countdown to 19037
[16:17:26.033] [SEVERE ] updating countdown to 19017
[16:17:26.054] [SEVERE ] updating countdown to 18996
[16:17:26.075] [SEVERE ] updating countdown to 18975
[16:17:26.095] [SEVERE ] updating countdown to 18955
[16:17:26.116] [SEVERE ] updating countdown to 18934
[16:17:26.137] [SEVERE ] updating countdown to 18913
[16:17:26.157] [SEVERE ] updating countdown to 18893
[16:17:26.178] [SEVERE ] updating countdown to 18872
[16:17:26.199] [SEVERE ] updating countdown to 18852
[16:17:26.219] [SEVERE ] updating countdown to 18831
[16:17:26.240] [SEVERE ] updating countdown to 18810
[16:17:26.251] [SEVERE ] setting player 3 freeze to 1798
[16:17:26.256] [SEVERE ] setting player 4 freeze to 1796
[16:17:26.258] [SEVERE ] setting player 2 freeze to 1798
[16:17:26.260] [SEVERE ] updating countdown to 18790
[16:17:26.263] [SEVERE ] setting player 1 freeze to 1798
[16:17:26.281] [SEVERE ] updating countdown to 18769
[16:17:26.301] [SEVERE ] updating countdown to 18749
[16:17:26.322] [SEVERE ] updating countdown to 18728
[16:17:26.342] [SEVERE ] updating countdown to 18708
[16:17:26.363] [SEVERE ] updating countdown to 18687
[16:17:26.384] [SEVERE ] updating countdown to 18667
[16:17:26.404] [SEVERE ] updating countdown to 18646
[16:17:26.425] [SEVERE ] updating countdown to 18625
[16:17:26.445] [SEVERE ] updating countdown to 18605
[16:17:26.466] [SEVERE ] updating countdown to 18584
[16:17:26.487] [SEVERE ] updating countdown to 18564
[16:17:26.507] [SEVERE ] updating countdown to 18543
[16:17:26.528] [SEVERE ] updating countdown to 18522
[16:17:26.549] [SEVERE ] updating countdown to 18501
[16:17:26.569] [SEVERE ] updating countdown to 18481
[16:17:26.590] [SEVERE ] updating countdown to 18460
[16:17:26.610] [SEVERE ] updating countdown to 18440
[16:17:26.631] [SEVERE ] updating countdown to 18419
[16:17:26.651] [SEVERE ] updating countdown to 18399
[16:17:26.672] [SEVERE ] updating countdown to 18378
[16:17:26.693] [SEVERE ] updating countdown to 18358
[16:17:26.713] [SEVERE ] updating countdown to 18337
[16:17:26.734] [SEVERE ] updating countdown to 18317
[16:17:26.754] [SEVERE ] updating countdown to 18296
[16:17:26.775] [SEVERE ] updating countdown to 18275
[16:17:26.796] [SEVERE ] updating countdown to 18255
[16:17:26.816] [SEVERE ] updating countdown to 18234
[16:17:26.836] [SEVERE ] updating countdown to 18214
[16:17:26.852] [SEVERE ] setting player 3 freeze to 1197
[16:17:26.857] [SEVERE ] updating countdown to 18193
[16:17:26.857] [SEVERE ] setting player 4 freeze to 1195
[16:17:26.859] [SEVERE ] setting player 2 freeze to 1197
[16:17:26.864] [SEVERE ] setting player 1 freeze to 1197
[16:17:26.878] [SEVERE ] updating countdown to 18172
[16:17:26.898] [SEVERE ] updating countdown to 18152
[16:17:26.919] [SEVERE ] updating countdown to 18131
[16:17:26.940] [SEVERE ] updating countdown to 18110
[16:17:26.960] [SEVERE ] updating countdown to 18090
[16:17:26.981] [SEVERE ] updating countdown to 18069
[16:17:27.002] [SEVERE ] updating countdown to 18049
[16:17:27.022] [SEVERE ] updating countdown to 18028
[16:17:27.043] [SEVERE ] updating countdown to 18007
[16:17:27.063] [SEVERE ] updating countdown to 17987
[16:17:27.084] [SEVERE ] updating countdown to 17966
[16:17:27.105] [SEVERE ] updating countdown to 17945
[16:17:27.125] [SEVERE ] updating countdown to 17925
[16:17:27.146] [SEVERE ] updating countdown to 17904
[16:17:27.167] [SEVERE ] updating countdown to 17883
[16:17:27.187] [SEVERE ] updating countdown to 17863
[16:17:27.208] [SEVERE ] updating countdown to 17842
[16:17:27.228] [SEVERE ] updating countdown to 17822
[16:17:27.249] [SEVERE ] updating countdown to 17801
[16:17:27.269] [SEVERE ] updating countdown to 17781
[16:17:27.290] [SEVERE ] updating countdown to 17760
[16:17:27.310] [SEVERE ] updating countdown to 17740
[16:17:27.331] [SEVERE ] updating countdown to 17719
[16:17:27.352] [SEVERE ] updating countdown to 17699
[16:17:27.372] [SEVERE ] updating countdown to 17678
[16:17:27.393] [SEVERE ] updating countdown to 17657
[16:17:27.413] [SEVERE ] updating countdown to 17637
[16:17:27.434] [SEVERE ] updating countdown to 17616
[16:17:27.453] [SEVERE ] setting player 3 freeze to 597
[16:17:27.455] [SEVERE ] updating countdown to 17595
[16:17:27.458] [SEVERE ] setting player 4 freeze to 594
[16:17:27.459] [SEVERE ] setting player 2 freeze to 597
[16:17:27.464] [SEVERE ] setting player 1 freeze to 597
[16:17:27.475] [SEVERE ] updating countdown to 17575
[16:17:27.496] [SEVERE ] updating countdown to 17554
[16:17:27.516] [SEVERE ] updating countdown to 17534
[16:17:27.536] [SEVERE ] updating countdown to 17514
[16:17:27.557] [SEVERE ] updating countdown to 17493
[16:17:27.577] [SEVERE ] updating countdown to 17473
[16:17:27.598] [SEVERE ] updating countdown to 17452
[16:17:27.619] [SEVERE ] updating countdown to 17432
[16:17:27.639] [SEVERE ] updating countdown to 17411
[16:17:27.660] [SEVERE ] updating countdown to 17390
[16:17:27.680] [SEVERE ] updating countdown to 17370
[16:17:27.701] [SEVERE ] updating countdown to 17349
[16:17:27.721] [SEVERE ] updating countdown to 17329
[16:17:27.741] [SEVERE ] updating countdown to 17309
[16:17:27.762] [SEVERE ] updating countdown to 17288
[16:17:27.782] [SEVERE ] updating countdown to 17268
[16:17:27.803] [SEVERE ] updating countdown to 17247
[16:17:27.823] [SEVERE ] updating countdown to 17227
[16:17:27.844] [SEVERE ] updating countdown to 17206
[16:17:27.864] [SEVERE ] updating countdown to 17186
[16:17:27.885] [SEVERE ] updating countdown to 17165
[16:17:27.905] [SEVERE ] updating countdown to 17145
[16:17:27.926] [SEVERE ] updating countdown to 17124
[16:17:27.946] [SEVERE ] updating countdown to 17104
[16:17:27.967] [SEVERE ] updating countdown to 17083
[16:17:27.987] [SEVERE ] updating countdown to 17063
[16:17:28.008] [SEVERE ] updating countdown to 17042
[16:17:28.028] [SEVERE ] updating countdown to 17022
[16:17:28.049] [SEVERE ] updating countdown to 17001
[16:17:28.053] [SEVERE ] setting player 3 freeze to -4
[16:17:28.054] [SEVERE ] setting player 3 freeze to 0
[16:17:28.059] [SEVERE ] setting player 4 freeze to -7
[16:17:28.059] [SEVERE ] setting player 4 freeze to 0
[16:17:28.059] [SEVERE ] removing player 3 token from slot 3
[16:17:28.060] [SEVERE ] setting player 2 freeze to -4
[16:17:28.060] [SEVERE ] setting player 2 freeze to 0
[16:17:28.063] [SEVERE ] removing player 3 token from slot 11
[16:17:28.065] [SEVERE ] setting player 1 freeze to -4
[16:17:28.065] [SEVERE ] setting player 1 freeze to 0
[16:17:28.066] [SEVERE ] removing player 1 token from slot 0
[16:17:28.066] [SEVERE ] player 3 placing token on slot 6
[16:17:28.069] [SEVERE ] player 1 placing token on slot 10
[16:17:28.069] [SEVERE ] updating countdown to 16981
[16:17:28.069] [SEVERE ] removing player 3 token from slot 0
[16:17:28.070] [SEVERE ] setting player 1 freeze to 3000
[16:17:28.070] [SEVERE ] updating countdown to 16980
[16:17:28.073] [SEVERE ] player 3 placing token on slot 5
[16:17:28.076] [SEVERE ] removing player 3 token from slot 5
[16:17:28.079] [SEVERE ] removing player 4 token from slot 0
[16:17:28.079] [SEVERE ] removing player 3 token from slot 6
[16:17:28.082] [SEVERE ] player 4 placing token on slot 7
[16:17:28.083] [SEVERE ] player 3 placing token on slot 7
[16:17:28.083] [SEVERE ] setting player 4 freeze to 3000
[16:17:28.083] [SEVERE ] updating countdown to 16967
[16:17:28.083] [SEVERE ] updating countdown to 16967
[16:17:28.085] [SEVERE ] player 3 placing token on slot 3
[16:17:28.089] [SEVERE ] player 3 placing token on slot 5
[16:17:28.089] [SEVERE ] setting player 3 freeze to 3000
[16:17:28.090] [SEVERE ] updating countdown to 16960
[16:17:28.090] [SEVERE ] updating countdown to 16960
[16:17:28.092] [SEVERE ] removing player 2 token from slot 10
[16:17:28.095] [SEVERE ] player 2 placing token on slot 2
[16:17:28.096] [SEVERE ] setting player 2 freeze to 3000
[16:17:28.096] [SEVERE ] updating countdown to 16954
[16:17:28.097] [SEVERE ] updating countdown to 16953
[16:17:28.117] [SEVERE ] updating countdown to 16933
[16:17:28.137] [SEVERE ] updating countdown to 16913
[16:17:28.158] [SEVERE ] updating countdown to 16892
[16:17:28.179] [SEVERE ] updating countdown to 16871
[16:17:28.199] [SEVERE ] updating countdown to 16851
[16:17:28.220] [SEVERE ] updating countdown to 16830
[16:17:28.240] [SEVERE ] updating countdown to 16810
[16:17:28.261] [SEVERE ] updating countdown to 16789
[16:17:28.282] [SEVERE ] updating countdown to 16769
[16:17:28.302] [SEVERE ] updating countdown to 16748
[16:17:28.323] [SEVERE ] updating countdown to 16727
[16:17:28.344] [SEVERE ] updating countdown to 16707
[16:17:28.364] [SEVERE ] updating countdown to 16686
[16:17:28.384] [SEVERE ] updating countdown to 16666
[16:17:28.405] [SEVERE ] updating countdown to 16645
[16:17:28.425] [SEVERE ] updating countdown to 16625
[16:17:28.446] [SEVERE ] updating countdown to 16604
[16:17:28.466] [SEVERE ] updating countdown to 16584
[16:17:28.487] [SEVERE ] updating countdown to 16564
[16:17:28.507] [SEVERE ] updating countdown to 16543
[16:17:28.528] [SEVERE ] updating countdown to 16522
[16:17:28.548] [SEVERE ] updating countdown to 16502
[16:17:28.568] [SEVERE ] updating countdown to 16482
[16:17:28.589] [SEVERE ] updating countdown to 16461
[16:17:28.609] [SEVERE ] updating countdown to 16441
[16:17:28.630] [SEVERE ] updating countdown to 16420
[16:17:28.650] [SEVERE ] updating countdown to 16400
[16:17:28.670] [SEVERE ] setting player 1 freeze to 2400
[16:17:28.671] [SEVERE ] updating countdown to 16379
[16:17:28.683] [SEVERE ] setting player 4 freeze to 2400
[16:17:28.690] [SEVERE ] setting player 3 freeze to 2399
[16:17:28.691] [SEVERE ] updating countdown to 16359
[16:17:28.697] [SEVERE ] setting player 2 freeze to 2399
[16:17:28.712] [SEVERE ] updating countdown to 16338
[16:17:28.732] [SEVERE ] updating countdown to 16318
[16:17:28.752] [SEVERE ] updating countdown to 16298
[16:17:28.773] [SEVERE ] updating countdown to 16277
[16:17:28.794] [SEVERE ] updating countdown to 16256
[16:17:28.814] [SEVERE ] updating countdown to 16236
[16:17:28.835] [SEVERE ] updating countdown to 16215
[16:17:28.855] [SEVERE ] updating countdown to 16195
[16:17:28.876] [SEVERE ] updating countdown to 16174
[16:17:28.896] [SEVERE ] updating countdown to 16154
[16:17:28.917] [SEVERE ] updating countdown to 16133
[16:17:28.937] [SEVERE ] updating countdown to 16113
[16:17:28.958] [SEVERE ] updating countdown to 16092
[16:17:28.978] [SEVERE ] updating countdown to 16072
[16:17:28.999] [SEVERE ] updating countdown to 16051
[16:17:29.019] [SEVERE ] updating countdown to 16031
[16:17:29.040] [SEVERE ] updating countdown to 16010
[16:17:29.060] [SEVERE ] updating countdown to 15990
[16:17:29.081] [SEVERE ] updating countdown to 15969
[16:17:29.102] [SEVERE ] updating countdown to 15949
[16:17:29.122] [SEVERE ] updating countdown to 15928
[16:17:29.142] [SEVERE ] updating countdown to 15908
[16:17:29.163] [SEVERE ] updating countdown to 15887
[16:17:29.183] [SEVERE ] updating countdown to 15867
[16:17:29.204] [SEVERE ] updating countdown to 15846
[16:17:29.224] [SEVERE ] updating countdown to 15826
[16:17:29.245] [SEVERE ] updating countdown to 15805
[16:17:29.265] [SEVERE ] updating countdown to 15785
[16:17:29.271] [SEVERE ] setting player 1 freeze to 1799
[16:17:29.284] [SEVERE ] setting player 4 freeze to 1799
[16:17:29.286] [SEVERE ] updating countdown to 15764
[16:17:29.291] [SEVERE ] setting player 3 freeze to 1798
[16:17:29.297] [SEVERE ] setting player 2 freeze to 1799
[16:17:29.306] [SEVERE ] updating countdown to 15744
[16:17:29.326] [SEVERE ] updating countdown to 15724
[16:17:29.347] [SEVERE ] updating countdown to 15703
[16:17:29.368] [SEVERE ] updating countdown to 15683
[16:17:29.388] [SEVERE ] updating countdown to 15662
[16:17:29.408] [SEVERE ] updating countdown to 15642
[16:17:29.429] [SEVERE ] updating countdown to 15621
[16:17:29.449] [SEVERE ] updating countdown to 15601
[16:17:29.470] [SEVERE ] updating countdown to 15580
[16:17:29.490] [SEVERE ] updating countdown to 15560
[16:17:29.511] [SEVERE ] updating countdown to 15539
[16:17:29.531] [SEVERE ] updating countdown to 15519
[16:17:29.551] [SEVERE ] updating countdown to 15499
[16:17:29.572] [SEVERE ] updating countdown to 15478
[16:17:29.592] [SEVERE ] updating countdown to 15458
[16:17:29.613] [SEVERE ] updating countdown to 15437
[16:17:29.633] [SEVERE ] updating countdown to 15417
[16:17:29.653] [SEVERE ] updating countdown to 15397
[16:17:29.674] [SEVERE ] updating countdown to 15376
[16:17:29.694] [SEVERE ] updating countdown to 15356
[16:17:29.714] [SEVERE ] updating countdown to 15336
[16:17:29.735] [SEVERE ] updating countdown to 15315
[16:17:29.756] [SEVERE ] updating countdown to 15295
[16:17:29.776] [SEVERE ] updating countdown to 15274
[16:17:29.797] [SEVERE ] updating countdown to 15253
[16:17:29.817] [SEVERE ] updating countdown to 15233
[16:17:29.837] [SEVERE ] updating countdown to 15213
[16:17:29.858] [SEVERE ] updating countdown to 15192
[16:17:29.871] [SEVERE ] setting player 1 freeze to 1199
[16:17:29.878] [SEVERE ] updating countdown to 15172
[16:17:29.885] [SEVERE ] setting player 4 freeze to 1198
[16:17:29.891] [SEVERE ] setting player 3 freeze to 1198
[16:17:29.898] [SEVERE ] setting player 2 freeze to 1198
[16:17:29.899] [SEVERE ] updating countdown to 15151
[16:17:29.919] [SEVERE ] updating countdown to 15131
[16:17:29.940] [SEVERE ] updating countdown to 15110
[16:17:29.960] [SEVERE ] updating countdown to 15090
[16:17:29.981] [SEVERE ] updating countdown to 15069
[16:17:30.001] [SEVERE ] updating countdown to 15049
[16:17:30.018] [SEVERE ] exit button pressed
[16:17:30.022] [SEVERE ] updating countdown to 15028
[16:17:30.022] [SEVERE ] updating countdown to 20000
[16:17:30.123] [SEVERE ] removing card from slot 0
[16:17:30.223] [SEVERE ] removing card from slot 1
[16:17:30.224] [SEVERE ] removing player 2 token from slot 2
[16:17:30.324] [SEVERE ] removing card from slot 2
[16:17:30.325] [SEVERE ] removing player 3 token from slot 3
[16:17:30.425] [SEVERE ] removing card from slot 3
[16:17:30.426] [SEVERE ] removing player 4 token from slot 4
[16:17:30.472] [SEVERE ] setting player 1 freeze to 598
[16:17:30.485] [SEVERE ] setting player 4 freeze to 598
[16:17:30.492] [SEVERE ] setting player 3 freeze to 597
[16:17:30.498] [SEVERE ] setting player 2 freeze to 598
[16:17:30.526] [SEVERE ] removing card from slot 4
[16:17:30.526] [SEVERE ] removing player 2 token from slot 5
[16:17:30.527] [SEVERE ] removing player 3 token from slot 5
[16:17:30.627] [SEVERE ] removing card from slot 5
[16:17:30.627] [SEVERE ] removing player 1 token from slot 6
[16:17:30.728] [SEVERE ] removing card from slot 6
[16:17:30.728] [SEVERE ] removing player 2 token from slot 7
[16:17:30.728] [SEVERE ] removing player 3 token from slot 7
[16:17:30.728] [SEVERE ] removing player 4 token from slot 7
[16:17:30.829] [SEVERE ] removing card from slot 7
[16:17:30.830] [SEVERE ] removing player 4 token from slot 8
[16:17:30.930] [SEVERE ] removing card from slot 8
[16:17:30.930] [SEVERE ] removing player 1 token from slot 9
[16:17:31.031] [SEVERE ] removing card from slot 9
[16:17:31.031] [SEVERE ] removing player 1 token from slot 10
[16:17:31.072] [SEVERE ] setting player 1 freeze to -2
[16:17:31.073] [SEVERE ] setting player 1 freeze to 0
[16:17:31.086] [SEVERE ] setting player 4 freeze to -3
[16:17:31.086] [SEVERE ] setting player 4 freeze to 0
[16:17:31.092] [SEVERE ] setting player 3 freeze to -3
[16:17:31.093] [SEVERE ] setting player 3 freeze to 0
[16:17:31.099] [SEVERE ] setting player 2 freeze to -3
[16:17:31.099] [SEVERE ] setting player 2 freeze to 0
[16:17:31.132] [SEVERE ] removing card from slot 10
[16:17:31.232] [SEVERE ] removing card from slot 11
[16:17:31.233] [SEVERE ] announcing winner(s): player 4, player 3, player 2, player 1
[16:17:31.235] [INFO   ] Thread computer-3 terminated.
[16:17:31.235] [INFO   ] Thread player 3 terminated.
[16:17:31.236] [INFO   ] Thread computer-2 terminated.
[16:17:31.236] [INFO   ] Thread player 2 terminated.
[16:17:31.236] [INFO   ] Thread computer-1 terminated.
[16:17:31.236] [INFO   ] Thread player 1 terminated.
[16:17:31.237] [INFO   ] Thread computer-0 terminated.
[16:17:31.237] [INFO   ] Thread player 0 terminated.
[16:17:31.237] [INFO   ] Thread dealer terminated.
[16:17:31.237] [INFO   ] thread dealer terminated.
[16:17:31.237] [SEVERE ] thanks for playing... it was fun!
[16:17:31.237] [INFO   ] thread main terminated.
