[16:19:03.615] [INFO   ] thread main starting.
[16:19:03.623] [SEVERE ] cannot read configuration file config.properties trying from resources.
[16:19:03.625] [SEVERE ] configuration file was loaded from resources directory.
[16:19:04.356] [INFO   ] thread dealer starting.
[16:19:04.357] [INFO   ] Thread dealer starting.
[16:19:04.360] [INFO   ] Thread player 0 starting.
[16:19:04.362] [INFO   ] Thread computer-0 starting.
[16:19:04.366] [INFO   ] Thread player 1 starting.
[16:19:04.368] [INFO   ] Thread computer-1 starting.
[16:19:04.372] [INFO   ] Thread player 2 starting.
[16:19:04.373] [INFO   ] Thread computer-2 starting.
[16:19:04.381] [INFO   ] Thread player 3 starting.
[16:19:04.382] [INFO   ] Thread computer-3 starting.
[16:19:04.493] [SEVERE ] placing card 54 in slot 0
[16:19:04.595] [SEVERE ] placing card 13 in slot 1
[16:19:04.695] [SEVERE ] placing card 66 in slot 2
[16:19:04.796] [SEVERE ] placing card 63 in slot 3
[16:19:04.897] [SEVERE ] placing card 76 in slot 4
[16:19:04.997] [SEVERE ] placing card 24 in slot 5
[16:19:05.098] [SEVERE ] placing card 47 in slot 6
[16:19:05.199] [SEVERE ] placing card 72 in slot 7
[16:19:05.300] [SEVERE ] placing card 38 in slot 8
[16:19:05.401] [SEVERE ] placing card 50 in slot 9
[16:19:05.502] [SEVERE ] placing card 43 in slot 10
[16:19:05.602] [SEVERE ] placing card 60 in slot 11
[16:19:05.606] [SEVERE ] player 1 placing token on slot 6
[16:19:05.608] [SEVERE ] player 4 placing token on slot 1
[16:19:05.609] [SEVERE ] player 3 placing token on slot 10
[16:19:05.610] [SEVERE ] player 2 placing token on slot 4
[16:19:05.611] [SEVERE ] player 1 placing token on slot 7
[16:19:05.612] [SEVERE ] player 4 placing token on slot 7
[16:19:05.612] [SEVERE ] player 2 placing token on slot 8
[16:19:05.613] [SEVERE ] removing player 3 token from slot 10
[16:19:05.614] [SEVERE ] player 1 placing token on slot 11
[16:19:05.615] [SEVERE ] removing player 4 token from slot 1
[16:19:05.615] [SEVERE ] player 3 placing token on slot 0
[16:19:05.616] [SEVERE ] player 2 placing token on slot 6
[16:19:05.617] [SEVERE ] updating countdown to 20000
[16:19:05.619] [SEVERE ] player 3 placing token on slot 10
[16:19:05.619] [SEVERE ] updating countdown to 19998
[16:19:05.620] [SEVERE ] player 4 placing token on slot 0
[16:19:05.621] [SEVERE ] updating countdown to 19996
[16:19:05.622] [SEVERE ] removing player 3 token from slot 10
[16:19:05.622] [SEVERE ] player 4 placing token on slot 4
[16:19:05.623] [SEVERE ] updating countdown to 19994
[16:19:05.623] [SEVERE ] updating countdown to 19994
[16:19:05.625] [SEVERE ] player 3 placing token on slot 2
[16:19:05.626] [SEVERE ] removing player 2 token from slot 8
[16:19:05.628] [SEVERE ] removing player 3 token from slot 2
[16:19:05.629] [SEVERE ] player 2 placing token on slot 1
[16:19:05.629] [SEVERE ] removing player 4 token from slot 7
[16:19:05.630] [SEVERE ] updating countdown to 19987
[16:19:05.630] [SEVERE ] updating countdown to 19987
[16:19:05.631] [SEVERE ] removing player 1 token from slot 7
[16:19:05.632] [SEVERE ] player 4 placing token on slot 9
[16:19:05.633] [SEVERE ] player 3 placing token on slot 9
[16:19:05.633] [SEVERE ] removing player 2 token from slot 1
[16:19:05.634] [SEVERE ] updating countdown to 19983
[16:19:05.634] [SEVERE ] updating countdown to 19983
[16:19:05.634] [SEVERE ] player 1 placing token on slot 10
[16:19:05.635] [SEVERE ] removing player 3 token from slot 9
[16:19:05.635] [SEVERE ] updating countdown to 19982
[16:19:05.635] [SEVERE ] player 2 placing token on slot 2
[16:19:05.635] [SEVERE ] updating countdown to 19982
[16:19:05.636] [SEVERE ] updating countdown to 19981
[16:19:05.637] [SEVERE ] removing player 1 token from slot 11
[16:19:05.638] [SEVERE ] removing player 4 token from slot 9
[16:19:05.639] [SEVERE ] player 3 placing token on slot 11
[16:19:05.641] [SEVERE ] player 1 placing token on slot 1
[16:19:05.642] [SEVERE ] removing player 4 token from slot 4
[16:19:05.642] [SEVERE ] player 3 placing token on slot 7
[16:19:05.643] [SEVERE ] updating countdown to 19974
[16:19:05.643] [SEVERE ] updating countdown to 19974
[16:19:05.644] [SEVERE ] updating countdown to 19973
[16:19:05.644] [SEVERE ] removing player 1 token from slot 10
[16:19:05.644] [SEVERE ] player 4 placing token on slot 2
[16:19:05.645] [SEVERE ] removing player 3 token from slot 11
[16:19:05.647] [SEVERE ] player 1 placing token on slot 2
[16:19:05.648] [SEVERE ] player 4 placing token on slot 11
[16:19:05.648] [SEVERE ] player 3 placing token on slot 6
[16:19:05.648] [SEVERE ] updating countdown to 19969
[16:19:05.649] [SEVERE ] updating countdown to 19968
[16:19:05.649] [SEVERE ] updating countdown to 19968
[16:19:05.649] [SEVERE ] updating countdown to 19968
[16:19:05.651] [SEVERE ] removing player 2 token from slot 2
[16:19:05.654] [SEVERE ] removing player 3 token from slot 6
[16:19:05.654] [SEVERE ] removing player 2 token from slot 6
[16:19:05.657] [SEVERE ] removing player 1 token from slot 6
[16:19:05.658] [SEVERE ] player 3 placing token on slot 6
[16:19:05.658] [SEVERE ] player 2 placing token on slot 11
[16:19:05.659] [SEVERE ] updating countdown to 19958
[16:19:05.659] [SEVERE ] updating countdown to 19958
[16:19:05.660] [SEVERE ] player 1 placing token on slot 6
[16:19:05.660] [SEVERE ] player 2 placing token on slot 9
[16:19:05.660] [SEVERE ] updating countdown to 19957
[16:19:05.661] [SEVERE ] updating countdown to 19956
[16:19:05.661] [SEVERE ] updating countdown to 19956
[16:19:05.663] [SEVERE ] removing player 1 token from slot 6
[16:19:05.664] [SEVERE ] removing player 2 token from slot 4
[16:19:05.666] [SEVERE ] removing player 1 token from slot 2
[16:19:05.667] [SEVERE ] removing player 3 token from slot 7
[16:19:05.667] [SEVERE ] player 2 placing token on slot 0
[16:19:05.668] [SEVERE ] updating countdown to 19949
[16:19:05.668] [SEVERE ] updating countdown to 19949
[16:19:05.670] [SEVERE ] player 1 placing token on slot 2
[16:19:05.670] [SEVERE ] player 3 placing token on slot 9
[16:19:05.671] [SEVERE ] updating countdown to 19946
[16:19:05.671] [SEVERE ] updating countdown to 19946
[16:19:05.673] [SEVERE ] removing player 3 token from slot 6
[16:19:05.674] [SEVERE ] removing player 1 token from slot 1
[16:19:05.676] [SEVERE ] player 1 placing token on slot 7
[16:19:05.676] [SEVERE ] player 3 placing token on slot 1
[16:19:05.677] [SEVERE ] removing player 4 token from slot 11
[16:19:05.677] [SEVERE ] updating countdown to 19940
[16:19:05.677] [SEVERE ] updating countdown to 19940
[16:19:05.679] [SEVERE ] player 1 placing token on slot 6
[16:19:05.679] [SEVERE ] player 4 placing token on slot 11
[16:19:05.680] [SEVERE ] updating countdown to 19937
[16:19:05.680] [SEVERE ] updating countdown to 19937
[16:19:05.680] [SEVERE ] updating countdown to 19937
[16:19:05.686] [SEVERE ] removing player 2 token from slot 9
[16:19:05.689] [SEVERE ] removing player 3 token from slot 9
[16:19:05.690] [SEVERE ] removing player 2 token from slot 11
[16:19:05.690] [SEVERE ] removing player 1 token from slot 2
[16:19:05.692] [SEVERE ] removing player 2 token from slot 0
[16:19:05.693] [SEVERE ] player 1 placing token on slot 1
[16:19:05.693] [SEVERE ] player 3 placing token on slot 7
[16:19:05.693] [SEVERE ] updating countdown to 19924
[16:19:05.694] [SEVERE ] updating countdown to 19923
[16:19:05.694] [SEVERE ] updating countdown to 19923
[16:19:05.695] [SEVERE ] removing player 1 token from slot 7
[16:19:05.696] [SEVERE ] player 2 placing token on slot 11
[16:19:05.699] [SEVERE ] player 2 placing token on slot 4
[16:19:05.699] [SEVERE ] player 1 placing token on slot 11
[16:19:05.700] [SEVERE ] removing player 1 token from slot 6
[16:19:05.700] [SEVERE ] removing player 1 token from slot 1
[16:19:05.700] [SEVERE ] removing player 1 token from slot 11
[16:19:05.700] [SEVERE ] removing player 2 token from slot 11
[16:19:05.700] [SEVERE ] removing player 3 token from slot 1
[16:19:05.700] [SEVERE ] removing player 4 token from slot 11
[16:19:05.700] [SEVERE ] setting player 1 score to 1
[16:19:05.801] [SEVERE ] removing card from slot 6
[16:19:05.902] [SEVERE ] removing card from slot 1
[16:19:06.003] [SEVERE ] removing card from slot 11
[16:19:06.104] [SEVERE ] placing card 40 in slot 1
[16:19:06.204] [SEVERE ] placing card 0 in slot 6
[16:19:06.305] [SEVERE ] placing card 21 in slot 11
[16:19:06.306] [SEVERE ] updating countdown to 20000
[16:19:06.306] [SEVERE ] player 4 placing token on slot 10
[16:19:06.306] [SEVERE ] updating countdown to 20000
[16:19:06.306] [SEVERE ] player 2 placing token on slot 8
[16:19:06.307] [SEVERE ] player 1 placing token on slot 2
[16:19:06.307] [SEVERE ] removing player 3 token from slot 7
[16:19:06.308] [SEVERE ] updating countdown to 19998
[16:19:06.309] [SEVERE ] player 2 placing token on slot 3
[16:19:06.310] [SEVERE ] player 3 placing token on slot 3
[16:19:06.311] [SEVERE ] player 1 placing token on slot 0
[16:19:06.311] [SEVERE ] updating countdown to 19995
[16:19:06.312] [SEVERE ] updating countdown to 19994
[16:19:06.312] [SEVERE ] removing player 4 token from slot 2
[16:19:06.313] [SEVERE ] player 1 placing token on slot 3
[16:19:06.313] [SEVERE ] player 3 placing token on slot 11
[16:19:06.313] [SEVERE ] updating countdown to 19993
[16:19:06.313] [SEVERE ] updating countdown to 19993
[16:19:06.314] [SEVERE ] updating countdown to 19992
[16:19:06.316] [SEVERE ] player 4 placing token on slot 7
[16:19:06.316] [SEVERE ] updating countdown to 19990
[16:19:06.316] [SEVERE ] updating countdown to 19990
[16:19:06.319] [SEVERE ] removing player 1 token from slot 3
[16:19:06.322] [SEVERE ] player 1 placing token on slot 9
[16:19:06.323] [SEVERE ] updating countdown to 19983
[16:19:06.323] [SEVERE ] updating countdown to 19983
[16:19:06.325] [SEVERE ] removing player 2 token from slot 3
[16:19:06.329] [SEVERE ] player 2 placing token on slot 3
[16:19:06.329] [SEVERE ] updating countdown to 19977
[16:19:06.330] [SEVERE ] updating countdown to 19976
[16:19:06.345] [SEVERE ] removing player 2 token from slot 8
[16:19:06.348] [SEVERE ] player 2 placing token on slot 1
[16:19:06.348] [SEVERE ] removing player 3 token from slot 3
[16:19:06.349] [SEVERE ] updating countdown to 19957
[16:19:06.349] [SEVERE ] updating countdown to 19957
[16:19:06.351] [SEVERE ] removing player 2 token from slot 3
[16:19:06.352] [SEVERE ] player 3 placing token on slot 3
[16:19:06.352] [SEVERE ] updating countdown to 19954
[16:19:06.352] [SEVERE ] updating countdown to 19954
[16:19:06.354] [SEVERE ] player 2 placing token on slot 2
[16:19:06.355] [SEVERE ] removing player 4 token from slot 7
[16:19:06.355] [SEVERE ] updating countdown to 19951
[16:19:06.356] [SEVERE ] updating countdown to 19950
[16:19:06.357] [SEVERE ] player 4 placing token on slot 6
[16:19:06.358] [SEVERE ] removing player 1 token from slot 2
[16:19:06.359] [SEVERE ] removing player 2 token from slot 4
[16:19:06.359] [SEVERE ] updating countdown to 19947
[16:19:06.359] [SEVERE ] updating countdown to 19947
[16:19:06.360] [SEVERE ] player 1 placing token on slot 11
[16:19:06.361] [SEVERE ] removing player 4 token from slot 0
[16:19:06.361] [SEVERE ] player 2 placing token on slot 11
[16:19:06.362] [SEVERE ] updating countdown to 19944
[16:19:06.362] [SEVERE ] updating countdown to 19944
[16:19:06.362] [SEVERE ] updating countdown to 19944
[16:19:06.364] [SEVERE ] player 4 placing token on slot 11
[16:19:06.364] [SEVERE ] updating countdown to 19942
[16:19:06.364] [SEVERE ] updating countdown to 19942
[16:19:06.367] [SEVERE ] removing player 4 token from slot 6
[16:19:06.367] [SEVERE ] removing player 3 token from slot 0
[16:19:06.370] [SEVERE ] player 3 placing token on slot 0
[16:19:06.371] [SEVERE ] player 4 placing token on slot 5
[16:19:06.372] [SEVERE ] removing player 1 token from slot 11
[16:19:06.372] [SEVERE ] updating countdown to 19934
[16:19:06.373] [SEVERE ] updating countdown to 19933
[16:19:06.373] [SEVERE ] updating countdown to 19933
[16:19:06.373] [SEVERE ] player 1 placing token on slot 10
[16:19:06.373] [SEVERE ] updating countdown to 19933
[16:19:06.374] [SEVERE ] updating countdown to 19932
[16:19:06.376] [SEVERE ] removing player 3 token from slot 3
[16:19:06.380] [SEVERE ] player 3 placing token on slot 8
[16:19:06.380] [SEVERE ] updating countdown to 19926
[16:19:06.380] [SEVERE ] updating countdown to 19926
[16:19:06.383] [SEVERE ] removing player 3 token from slot 8
[16:19:06.386] [SEVERE ] removing player 1 token from slot 9
[16:19:06.386] [SEVERE ] player 3 placing token on slot 1
[16:19:06.387] [SEVERE ] updating countdown to 19919
[16:19:06.387] [SEVERE ] updating countdown to 19919
[16:19:06.389] [SEVERE ] removing player 1 token from slot 0
[16:19:06.390] [SEVERE ] removing player 4 token from slot 11
[16:19:06.390] [SEVERE ] removing player 2 token from slot 1
[16:19:06.392] [SEVERE ] player 4 placing token on slot 1
[16:19:06.393] [SEVERE ] player 2 placing token on slot 1
[16:19:06.393] [SEVERE ] player 1 placing token on slot 6
[16:19:06.393] [SEVERE ] updating countdown to 19913
[16:19:06.393] [SEVERE ] updating countdown to 19913
[16:19:06.394] [SEVERE ] updating countdown to 19912
[16:19:06.395] [SEVERE ] player 1 placing token on slot 7
[16:19:06.396] [SEVERE ] updating countdown to 19910
[16:19:06.396] [SEVERE ] updating countdown to 19910
[16:19:06.398] [SEVERE ] removing player 3 token from slot 0
[16:19:06.399] [SEVERE ] removing player 2 token from slot 2
[16:19:06.401] [SEVERE ] removing player 2 token from slot 11
[16:19:06.402] [SEVERE ] player 3 placing token on slot 8
[16:19:06.403] [SEVERE ] updating countdown to 19903
[16:19:06.403] [SEVERE ] updating countdown to 19903
[16:19:06.405] [SEVERE ] player 2 placing token on slot 8
[16:19:06.405] [SEVERE ] removing player 1 token from slot 7
[16:19:06.408] [SEVERE ] removing player 2 token from slot 8
[16:19:06.409] [SEVERE ] player 1 placing token on slot 2
[16:19:06.409] [SEVERE ] updating countdown to 19897
[16:19:06.410] [SEVERE ] updating countdown to 19896
[16:19:06.411] [SEVERE ] removing player 3 token from slot 8
[16:19:06.412] [SEVERE ] player 2 placing token on slot 4
[16:19:06.414] [SEVERE ] player 2 placing token on slot 0
[16:19:06.415] [SEVERE ] player 3 placing token on slot 5
[16:19:06.416] [SEVERE ] removing player 4 token from slot 1
[16:19:06.416] [SEVERE ] updating countdown to 19890
[16:19:06.416] [SEVERE ] updating countdown to 19890
[16:19:06.416] [SEVERE ] updating countdown to 19890
[16:19:06.417] [SEVERE ] removing player 2 token from slot 1
[16:19:06.418] [SEVERE ] player 4 placing token on slot 2
[16:19:06.418] [SEVERE ] updating countdown to 19888
[16:19:06.419] [SEVERE ] updating countdown to 19887
[16:19:06.421] [SEVERE ] removing player 1 token from slot 6
[16:19:06.421] [SEVERE ] player 2 placing token on slot 1
[16:19:06.422] [SEVERE ] removing player 3 token from slot 1
[16:19:06.422] [SEVERE ] updating countdown to 19884
[16:19:06.422] [SEVERE ] updating countdown to 19884
[16:19:06.424] [SEVERE ] player 1 placing token on slot 9
[16:19:06.424] [SEVERE ] player 3 placing token on slot 3
[16:19:06.425] [SEVERE ] updating countdown to 19881
[16:19:06.426] [SEVERE ] updating countdown to 19880
[16:19:06.426] [SEVERE ] updating countdown to 19880
[16:19:06.436] [SEVERE ] removing player 2 token from slot 1
[16:19:06.437] [SEVERE ] removing player 1 token from slot 9
[16:19:06.439] [SEVERE ] player 1 placing token on slot 0
[16:19:06.440] [SEVERE ] player 2 placing token on slot 3
[16:19:06.440] [SEVERE ] updating countdown to 19866
[16:19:06.441] [SEVERE ] updating countdown to 19865
[16:19:06.441] [SEVERE ] updating countdown to 19865
[16:19:06.443] [SEVERE ] removing player 3 token from slot 5
[16:19:06.446] [SEVERE ] player 3 placing token on slot 2
[16:19:06.446] [SEVERE ] removing player 4 token from slot 2
[16:19:06.447] [SEVERE ] updating countdown to 19859
[16:19:06.447] [SEVERE ] updating countdown to 19859
[16:19:06.449] [SEVERE ] player 4 placing token on slot 1
[16:19:06.449] [SEVERE ] removing player 1 token from slot 2
[16:19:06.450] [SEVERE ] updating countdown to 19856
[16:19:06.450] [SEVERE ] updating countdown to 19856
[16:19:06.452] [SEVERE ] removing player 1 token from slot 10
[16:19:06.455] [SEVERE ] removing player 2 token from slot 0
[16:19:06.456] [SEVERE ] removing player 3 token from slot 3
[16:19:06.456] [SEVERE ] player 1 placing token on slot 9
[16:19:06.458] [SEVERE ] player 3 placing token on slot 3
[16:19:06.459] [SEVERE ] player 1 placing token on slot 11
[16:19:06.459] [SEVERE ] removing player 4 token from slot 5
[16:19:06.460] [SEVERE ] player 2 placing token on slot 1
[16:19:06.460] [SEVERE ] updating countdown to 19846
[16:19:06.460] [SEVERE ] updating countdown to 19846
[16:19:06.460] [SEVERE ] updating countdown to 19846
[16:19:06.460] [SEVERE ] updating countdown to 19846
[16:19:06.461] [SEVERE ] removing player 4 token from slot 1
[16:19:06.462] [SEVERE ] removing player 2 token from slot 1
[16:19:06.465] [SEVERE ] player 4 placing token on slot 8
[16:19:06.465] [SEVERE ] removing player 3 token from slot 2
[16:19:06.465] [SEVERE ] player 2 placing token on slot 5
[16:19:06.466] [SEVERE ] updating countdown to 19840
[16:19:06.466] [SEVERE ] updating countdown to 19840
[16:19:06.468] [SEVERE ] player 4 placing token on slot 7
[16:19:06.468] [SEVERE ] removing player 2 token from slot 3
[16:19:06.469] [SEVERE ] player 3 placing token on slot 0
[16:19:06.469] [SEVERE ] updating countdown to 19837
[16:19:06.469] [SEVERE ] updating countdown to 19837
[16:19:06.470] [SEVERE ] updating countdown to 19837
[16:19:06.471] [SEVERE ] player 2 placing token on slot 8
[16:19:06.472] [SEVERE ] removing player 3 token from slot 3
[16:19:06.472] [SEVERE ] updating countdown to 19834
[16:19:06.472] [SEVERE ] updating countdown to 19834
[16:19:06.474] [SEVERE ] player 3 placing token on slot 9
[16:19:06.475] [SEVERE ] removing player 2 token from slot 8
[16:19:06.476] [SEVERE ] updating countdown to 19830
[16:19:06.476] [SEVERE ] updating countdown to 19830
[16:19:06.477] [SEVERE ] removing player 1 token from slot 9
[16:19:06.478] [SEVERE ] player 2 placing token on slot 11
[16:19:06.478] [SEVERE ] removing player 4 token from slot 10
[16:19:06.478] [SEVERE ] updating countdown to 19828
[16:19:06.478] [SEVERE ] updating countdown to 19828
[16:19:06.480] [SEVERE ] player 4 placing token on slot 0
[16:19:06.481] [SEVERE ] removing player 2 token from slot 5
[16:19:06.481] [SEVERE ] player 1 placing token on slot 2
[16:19:06.482] [SEVERE ] updating countdown to 19824
[16:19:06.482] [SEVERE ] updating countdown to 19824
[16:19:06.482] [SEVERE ] updating countdown to 19824
[16:19:06.484] [SEVERE ] removing player 1 token from slot 11
[16:19:06.484] [SEVERE ] player 2 placing token on slot 7
[16:19:06.484] [SEVERE ] updating countdown to 19822
[16:19:06.484] [SEVERE ] updating countdown to 19822
[16:19:06.487] [SEVERE ] removing player 4 token from slot 7
[16:19:06.487] [SEVERE ] player 1 placing token on slot 5
[16:19:06.488] [SEVERE ] updating countdown to 19818
[16:19:06.489] [SEVERE ] updating countdown to 19817
[16:19:06.490] [SEVERE ] player 4 placing token on slot 9
[16:19:06.491] [SEVERE ] updating countdown to 19815
[16:19:06.491] [SEVERE ] updating countdown to 19815
[16:19:06.499] [SEVERE ] removing player 2 token from slot 7
[16:19:06.503] [SEVERE ] player 2 placing token on slot 7
[16:19:06.503] [SEVERE ] updating countdown to 19803
[16:19:06.503] [SEVERE ] updating countdown to 19803
[16:19:06.509] [SEVERE ] removing player 4 token from slot 9
[16:19:06.510] [SEVERE ] removing player 2 token from slot 11
[16:19:06.512] [SEVERE ] player 2 placing token on slot 8
[16:19:06.512] [SEVERE ] player 4 placing token on slot 7
[16:19:06.513] [SEVERE ] updating countdown to 19793
[16:19:06.513] [SEVERE ] updating countdown to 19793
[16:19:06.513] [SEVERE ] updating countdown to 19793
[16:19:06.515] [SEVERE ] removing player 2 token from slot 7
[16:19:06.518] [SEVERE ] player 2 placing token on slot 0
[16:19:06.519] [SEVERE ] updating countdown to 19787
[16:19:06.519] [SEVERE ] updating countdown to 19787
[16:19:06.521] [SEVERE ] removing player 1 token from slot 0
[16:19:06.525] [SEVERE ] player 1 placing token on slot 1
[16:19:06.525] [SEVERE ] removing player 3 token from slot 9
[16:19:06.525] [SEVERE ] updating countdown to 19781
[16:19:06.526] [SEVERE ] updating countdown to 19780
[16:19:06.528] [SEVERE ] player 3 placing token on slot 2
[16:19:06.528] [SEVERE ] updating countdown to 19778
[16:19:06.528] [SEVERE ] updating countdown to 19778
[16:19:06.534] [SEVERE ] removing player 1 token from slot 5
[16:19:06.535] [SEVERE ] removing player 3 token from slot 2
[16:19:06.537] [SEVERE ] removing player 4 token from slot 8
[16:19:06.538] [SEVERE ] removing player 2 token from slot 8
[16:19:06.538] [SEVERE ] removing player 1 token from slot 1
[16:19:06.539] [SEVERE ] player 3 placing token on slot 7
[16:19:06.539] [SEVERE ] updating countdown to 19767
[16:19:06.540] [SEVERE ] updating countdown to 19766
[16:19:06.540] [SEVERE ] player 4 placing token on slot 11
[16:19:06.541] [SEVERE ] player 1 placing token on slot 3
[16:19:06.541] [SEVERE ] player 2 placing token on slot 3
[16:19:06.541] [SEVERE ] removing player 3 token from slot 7
[16:19:06.541] [SEVERE ] updating countdown to 19765
[16:19:06.542] [SEVERE ] updating countdown to 19764
[16:19:06.542] [SEVERE ] updating countdown to 19764
[16:19:06.543] [SEVERE ] player 1 placing token on slot 4
[16:19:06.544] [SEVERE ] removing player 3 token from slot 11
[16:19:06.544] [SEVERE ] updating countdown to 19762
[16:19:06.544] [SEVERE ] updating countdown to 19762
[16:19:06.547] [SEVERE ] player 3 placing token on slot 10
[16:19:06.547] [SEVERE ] removing player 2 token from slot 3
[16:19:06.547] [SEVERE ] removing player 4 token from slot 7
[16:19:06.548] [SEVERE ] removing player 1 token from slot 3
[16:19:06.550] [SEVERE ] player 3 placing token on slot 4
[16:19:06.550] [SEVERE ] removing player 1 token from slot 4
[16:19:06.550] [SEVERE ] player 4 placing token on slot 8
[16:19:06.551] [SEVERE ] removing player 2 token from slot 0
[16:19:06.551] [SEVERE ] updating countdown to 19755
[16:19:06.551] [SEVERE ] updating countdown to 19755
[16:19:06.551] [SEVERE ] updating countdown to 19755
[16:19:06.553] [SEVERE ] player 1 placing token on slot 1
[16:19:06.553] [SEVERE ] player 2 placing token on slot 9
[16:19:06.556] [SEVERE ] player 1 placing token on slot 10
[16:19:06.557] [SEVERE ] player 2 placing token on slot 3
[16:19:06.558] [SEVERE ] removing player 3 token from slot 4
[16:19:06.558] [SEVERE ] updating countdown to 19748
[16:19:06.558] [SEVERE ] updating countdown to 19748
[16:19:06.558] [SEVERE ] updating countdown to 19748
[16:19:06.559] [SEVERE ] player 3 placing token on slot 2
[16:19:06.560] [SEVERE ] updating countdown to 19746
[16:19:06.560] [SEVERE ] updating countdown to 19746
[16:19:06.562] [SEVERE ] removing player 3 token from slot 10
[16:19:06.566] [SEVERE ] removing player 2 token from slot 4
[16:19:06.566] [SEVERE ] player 3 placing token on slot 9
[16:19:06.566] [SEVERE ] updating countdown to 19740
[16:19:06.567] [SEVERE ] updating countdown to 19739
[16:19:06.569] [SEVERE ] removing player 3 token from slot 2
[16:19:06.569] [SEVERE ] player 2 placing token on slot 11
[16:19:06.570] [SEVERE ] removing player 4 token from slot 11
[16:19:06.570] [SEVERE ] updating countdown to 19736
[16:19:06.571] [SEVERE ] updating countdown to 19735
[16:19:06.572] [SEVERE ] player 4 placing token on slot 2
[16:19:06.573] [SEVERE ] removing player 2 token from slot 3
[16:19:06.574] [SEVERE ] player 3 placing token on slot 6
[16:19:06.574] [SEVERE ] updating countdown to 19732
[16:19:06.574] [SEVERE ] updating countdown to 19732
[16:19:06.574] [SEVERE ] updating countdown to 19732
[16:19:06.575] [SEVERE ] player 2 placing token on slot 2
[16:19:06.575] [SEVERE ] updating countdown to 19731
[16:19:06.576] [SEVERE ] updating countdown to 19730
[16:19:06.578] [SEVERE ] removing player 2 token from slot 11
[16:19:06.581] [SEVERE ] player 2 placing token on slot 4
[16:19:06.582] [SEVERE ] updating countdown to 19724
[16:19:06.582] [SEVERE ] updating countdown to 19724
[16:19:06.584] [SEVERE ] removing player 4 token from slot 0
[16:19:06.588] [SEVERE ] player 4 placing token on slot 11
[16:19:06.589] [SEVERE ] updating countdown to 19717
[16:19:06.589] [SEVERE ] updating countdown to 19717
[16:19:06.591] [SEVERE ] removing player 3 token from slot 6
[16:19:06.591] [SEVERE ] removing player 1 token from slot 2
[16:19:06.594] [SEVERE ] player 1 placing token on slot 7
[16:19:06.594] [SEVERE ] player 3 placing token on slot 10
[16:19:06.595] [SEVERE ] updating countdown to 19711
[16:19:06.595] [SEVERE ] updating countdown to 19711
[16:19:06.595] [SEVERE ] updating countdown to 19711
[16:19:06.597] [SEVERE ] removing player 2 token from slot 9
[16:19:06.600] [SEVERE ] removing player 2 token from slot 2
[16:19:06.603] [SEVERE ] player 2 placing token on slot 9
[16:19:06.607] [SEVERE ] player 2 placing token on slot 11
[16:19:06.607] [SEVERE ] removing player 3 token from slot 0
[16:19:06.607] [SEVERE ] removing player 4 token from slot 2
[16:19:06.608] [SEVERE ] removing player 2 token from slot 4
[16:19:06.608] [SEVERE ] removing player 2 token from slot 9
[16:19:06.608] [SEVERE ] removing player 2 token from slot 11
[16:19:06.608] [SEVERE ] removing player 3 token from slot 9
[16:19:06.608] [SEVERE ] removing player 4 token from slot 11
[16:19:06.608] [SEVERE ] setting player 2 score to 1
[16:19:06.709] [SEVERE ] removing card from slot 4
[16:19:06.809] [SEVERE ] removing card from slot 9
[16:19:06.910] [SEVERE ] removing card from slot 11
[16:19:07.011] [SEVERE ] placing card 58 in slot 4
[16:19:07.111] [SEVERE ] placing card 5 in slot 9
[16:19:07.212] [SEVERE ] placing card 56 in slot 11
[16:19:07.213] [SEVERE ] updating countdown to 20000
[16:19:07.213] [SEVERE ] updating countdown to 20000
[16:19:07.216] [SEVERE ] player 3 placing token on slot 3
[16:19:07.216] [SEVERE ] player 2 placing token on slot 5
[16:19:07.216] [SEVERE ] player 4 placing token on slot 4
[16:19:07.219] [SEVERE ] removing player 3 token from slot 10
[16:19:07.219] [SEVERE ] removing player 4 token from slot 4
[16:19:07.220] [SEVERE ] player 2 placing token on slot 2
[16:19:07.222] [SEVERE ] player 2 placing token on slot 11
[16:19:07.222] [SEVERE ] player 3 placing token on slot 2
[16:19:07.223] [SEVERE ] player 4 placing token on slot 1
[16:19:07.223] [SEVERE ] updating countdown to 19990
[16:19:07.223] [SEVERE ] updating countdown to 19990
[16:19:07.225] [SEVERE ] player 3 placing token on slot 5
[16:19:07.226] [SEVERE ] player 4 placing token on slot 11
[16:19:07.226] [SEVERE ] updating countdown to 19987
[16:19:07.226] [SEVERE ] updating countdown to 19987
[16:19:07.226] [SEVERE ] updating countdown to 19987
[16:19:07.228] [SEVERE ] removing player 3 token from slot 5
[16:19:07.232] [SEVERE ] player 3 placing token on slot 11
[16:19:07.232] [SEVERE ] removing player 2 token from slot 5
[16:19:07.232] [SEVERE ] updating countdown to 19981
[16:19:07.232] [SEVERE ] updating countdown to 19981
[16:19:07.235] [SEVERE ] player 2 placing token on slot 0
[16:19:07.235] [SEVERE ] updating countdown to 19978
[16:19:07.235] [SEVERE ] updating countdown to 19978
[16:19:07.238] [SEVERE ] removing player 4 token from slot 8
[16:19:07.238] [SEVERE ] removing player 3 token from slot 11
[16:19:07.241] [SEVERE ] player 4 placing token on slot 7
[16:19:07.241] [SEVERE ] player 3 placing token on slot 9
[16:19:07.242] [SEVERE ] updating countdown to 19971
[16:19:07.242] [SEVERE ] updating countdown to 19971
[16:19:07.242] [SEVERE ] updating countdown to 19971
[16:19:07.248] [SEVERE ] removing player 3 token from slot 3
[16:19:07.251] [SEVERE ] removing player 4 token from slot 1
[16:19:07.251] [SEVERE ] player 3 placing token on slot 11
[16:19:07.251] [SEVERE ] updating countdown to 19962
[16:19:07.251] [SEVERE ] updating countdown to 19962
[16:19:07.254] [SEVERE ] player 4 placing token on slot 8
[16:19:07.254] [SEVERE ] updating countdown to 19959
[16:19:07.254] [SEVERE ] updating countdown to 19959
[16:19:07.257] [SEVERE ] removing player 1 token from slot 1
[16:19:07.260] [SEVERE ] player 1 placing token on slot 5
[16:19:07.261] [SEVERE ] updating countdown to 19952
[16:19:07.261] [SEVERE ] updating countdown to 19952
[16:19:07.263] [SEVERE ] removing player 1 token from slot 7
[16:19:07.264] [SEVERE ] removing player 3 token from slot 2
[16:19:07.267] [SEVERE ] player 3 placing token on slot 7
[16:19:07.267] [SEVERE ] player 1 placing token on slot 3
[16:19:07.267] [SEVERE ] updating countdown to 19946
[16:19:07.267] [SEVERE ] updating countdown to 19946
[16:19:07.268] [SEVERE ] updating countdown to 19945
[16:19:07.270] [SEVERE ] removing player 2 token from slot 2
[16:19:07.270] [SEVERE ] removing player 1 token from slot 3
[16:19:07.270] [SEVERE ] removing player 3 token from slot 9
[16:19:07.273] [SEVERE ] player 3 placing token on slot 4
[16:19:07.274] [SEVERE ] player 2 placing token on slot 2
[16:19:07.274] [SEVERE ] removing player 1 token from slot 10
[16:19:07.274] [SEVERE ] updating countdown to 19939
[16:19:07.274] [SEVERE ] updating countdown to 19939
[16:19:07.274] [SEVERE ] updating countdown to 19939
[16:19:07.276] [SEVERE ] player 1 placing token on slot 2
[16:19:07.279] [SEVERE ] player 1 placing token on slot 0
[16:19:07.280] [SEVERE ] updating countdown to 19933
[16:19:07.280] [SEVERE ] updating countdown to 19933
[16:19:07.289] [SEVERE ] removing player 2 token from slot 2
[16:19:07.289] [SEVERE ] removing player 3 token from slot 7
[16:19:07.292] [SEVERE ] player 2 placing token on slot 3
[16:19:07.293] [SEVERE ] removing player 3 token from slot 11
[16:19:07.293] [SEVERE ] updating countdown to 19920
[16:19:07.293] [SEVERE ] updating countdown to 19920
[16:19:07.295] [SEVERE ] player 3 placing token on slot 5
[16:19:07.298] [SEVERE ] player 3 placing token on slot 8
[16:19:07.299] [SEVERE ] removing player 4 token from slot 8
[16:19:07.299] [SEVERE ] removing player 1 token from slot 5
[16:19:07.299] [SEVERE ] removing player 3 token from slot 4
[16:19:07.299] [SEVERE ] removing player 3 token from slot 5
[16:19:07.299] [SEVERE ] removing player 3 token from slot 8
[16:19:07.299] [SEVERE ] setting player 3 score to 1
[16:19:07.400] [SEVERE ] removing card from slot 4
[16:19:07.501] [SEVERE ] removing card from slot 5
[16:19:07.601] [SEVERE ] removing card from slot 8
[16:19:07.702] [SEVERE ] placing card 37 in slot 4
[16:19:07.792] [SEVERE ] exit button pressed
[16:19:07.802] [SEVERE ] placing card 46 in slot 5
[16:19:07.903] [SEVERE ] placing card 74 in slot 8
[16:19:07.903] [SEVERE ] updating countdown to 20000
[16:19:07.903] [SEVERE ] updating countdown to 20000
[16:19:07.903] [SEVERE ] updating countdown to 20000
[16:19:07.903] [SEVERE ] removing player 1 token from slot 0
[16:19:07.903] [SEVERE ] removing player 2 token from slot 0
[16:19:08.003] [SEVERE ] removing card from slot 0
[16:19:08.104] [SEVERE ] removing card from slot 1
[16:19:08.104] [SEVERE ] removing player 1 token from slot 2
[16:19:08.204] [SEVERE ] removing card from slot 2
[16:19:08.205] [SEVERE ] removing player 2 token from slot 3
[16:19:08.305] [SEVERE ] removing card from slot 3
[16:19:08.405] [SEVERE ] removing card from slot 4
[16:19:08.506] [SEVERE ] removing card from slot 5
[16:19:08.606] [SEVERE ] removing card from slot 6
[16:19:08.606] [SEVERE ] removing player 4 token from slot 7
[16:19:08.707] [SEVERE ] removing card from slot 7
[16:19:08.807] [SEVERE ] removing card from slot 8
[16:19:08.908] [SEVERE ] removing card from slot 9
